2026-04-17 09:12:03 DEBUG:busco.run_BUSCO	Command line: /sw/arch/eb/software/BUSCO/5.8.2-gfbf-2024a/bin/busco -i /home/yuch3531/genome_analysis_project/4_genome_assembly/spades_4922298/contigs.fasta -m genome -c 2 -o spades_busco --out_path /home/yuch3531/genome_analysis_project/4_genome_assembly/assembly_check --auto-lineage-prok
2026-04-17 09:12:03 INFO:busco.run_BUSCO	***** Start a BUSCO v5.8.2 analysis, current time: 04/17/2026 09:12:03 *****
2026-04-17 09:12:03 DEBUG:busco.ConfigManager	Getting config file
2026-04-17 09:12:03 INFO:busco.ConfigManager	Configuring BUSCO with /sw/arch/eb/software/BUSCO/5.8.2-gfbf-2024a/config/config.ini
2026-04-17 09:12:03 INFO:busco.BuscoConfig	Running genome mode
2026-04-17 09:12:03 INFO:busco.BuscoDownloadManager	Downloading information on latest versions of BUSCO data...
2026-04-17 09:12:03 DEBUG:busco.BuscoConfig	State of BUSCO config before run:
2026-04-17 09:12:03 DEBUG:busco.BuscoConfig	{'_allow_no_value': False,
 '_comment_prefixes': ('#', ';'),
 '_converters': <configparser.ConverterMapping object at 0x147eac9a7dd0>,
 '_defaults': {},
 '_delimiters': ('=', ':'),
 '_dict': <class 'dict'>,
 '_empty_lines_in_values': True,
 '_inline_comment_prefixes': (),
 '_input_filepath': '/home/yuch3531/genome_analysis_project/4_genome_assembly/spades_4922298/contigs.fasta',
 '_interpolation': <configparser.BasicInterpolation object at 0x1481b0952450>,
 '_mode': 'genome',
 '_optcre': re.compile('\n        (?P<option>.*?)                    # very permissive!\n        \\s*(?P<vi>=|:)\\s*              # any number of space/tab,\n                                           # followed by any of t, re.VERBOSE),
 '_proxies': {'DEFAULT': <Section: DEFAULT>,
              'augustus': <Section: augustus>,
              'bbtools': <Section: bbtools>,
              'busco_run': <Section: busco_run>,
              'etraining': <Section: etraining>,
              'gff2gbSmallDNA.pl': <Section: gff2gbSmallDNA.pl>,
              'hmmsearch': <Section: hmmsearch>,
              'makeblastdb': <Section: makeblastdb>,
              'metaeuk': <Section: metaeuk>,
              'miniprot': <Section: miniprot>,
              'new_species.pl': <Section: new_species.pl>,
              'optimize_augustus.pl': <Section: optimize_augustus.pl>,
              'prodigal': <Section: prodigal>,
              'sepp': <Section: sepp>,
              'tblastn': <Section: tblastn>},
 '_sections': {'augustus': {'command': 'augustus', 'path': ''},
               'bbtools': {'command': 'stats.sh', 'path': ''},
               'busco_run': {'auto-lineage': 'True',
                             'auto-lineage-euk': 'False',
                             'auto-lineage-prok': 'True',
                             'batch_mode': 'False',
                             'cpu': '2',
                             'datasets_version': 'odb12',
                             'download_base_url': 'https://busco-data.ezlab.org/v5/data/',
                             'download_path': '/sw/data/local/BUSCO_Data/v5',
                             'force': 'False',
                             'in': '/home/yuch3531/genome_analysis_project/4_genome_assembly/spades_4922298/contigs.fasta',
                             'main_out': '/home/yuch3531/genome_analysis_project/4_genome_assembly/assembly_check/spades_busco',
                             'mode': 'genome',
                             'offline': 'True',
                             'opt-out-run-stats': 'False',
                             'out': 'spades_busco',
                             'out_path': '/home/yuch3531/genome_analysis_project/4_genome_assembly/assembly_check',
                             'quiet': 'False',
                             'restart': 'False',
                             'skip_bbtools': 'False',
                             'tar': 'False',
                             'use_augustus': 'False',
                             'use_metaeuk': 'False',
                             'use_miniprot': 'False'},
               'etraining': {'command': 'etraining', 'path': ''},
               'gff2gbSmallDNA.pl': {'command': 'gff2gbSmallDNA.pl',
                                     'path': ''},
               'hmmsearch': {'command': 'hmmsearch', 'path': ''},
               'makeblastdb': {'command': 'makeblastdb', 'path': ''},
               'metaeuk': {'command': 'metaeuk', 'path': ''},
               'miniprot': {'command': 'miniprot', 'path': ''},
               'new_species.pl': {'command': 'new_species.pl', 'path': ''},
               'optimize_augustus.pl': {'command': 'optimize_augustus.pl',
                                        'path': ''},
               'prodigal': {'command': 'prodigal', 'path': ''},
               'sepp': {'command': 'run_sepp.py', 'path': ''},
               'tblastn': {'command': 'tblastn', 'path': ''}},
 '_strict': True,
 'conf_file': '/sw/arch/eb/software/BUSCO/5.8.2-gfbf-2024a/config/config.ini',
 'default_section': 'DEFAULT',
 'downloader': <busco.BuscoDownloadManager.BuscoDownloadManager object at 0x147ea892c950>,
 'main_out': '/home/yuch3531/genome_analysis_project/4_genome_assembly/assembly_check/spades_busco',
 'params': {'augustus_parameters': None,
            'augustus_species': None,
            'auto-lineage': False,
            'auto-lineage-euk': False,
            'auto-lineage-prok': True,
            'config_file': None,
            'contig_break': None,
            'cpu': 2,
            'datasets_version': None,
            'download': '==SUPPRESS==',
            'download_base_url': None,
            'download_path': None,
            'evalue': None,
            'force': False,
            'help': '==SUPPRESS==',
            'in': '/home/yuch3531/genome_analysis_project/4_genome_assembly/spades_4922298/contigs.fasta',
            'limit': None,
            'lineage_dataset': None,
            'list_datasets': '==SUPPRESS==',
            'long': False,
            'metaeuk_parameters': None,
            'metaeuk_rerun_parameters': None,
            'mode': 'genome',
            'offline': False,
            'opt-out-run-stats': False,
            'out': 'spades_busco',
            'out_path': '/home/yuch3531/genome_analysis_project/4_genome_assembly/assembly_check',
            'quiet': False,
            'restart': False,
            'scaffold_composition': False,
            'skip_bbtools': False,
            'tar': False,
            'use_augustus': False,
            'use_metaeuk': False,
            'use_miniprot': False,
            'version': '==SUPPRESS=='},
 'run_stats': {'auto-lineage-prok': True,
               'cpu': 2,
               'input_file_size': 3190417,
               'mode': 'genome'}}
2026-04-17 09:12:03 INFO:busco.BuscoRunner	Input file is /home/yuch3531/genome_analysis_project/4_genome_assembly/spades_4922298/contigs.fasta
2026-04-17 09:12:03 INFO:busco.BuscoRunner	No lineage specified. Running lineage auto selector.

2026-04-17 09:12:03 INFO:busco.AutoLineage	***** Starting Auto Select Lineage *****
	This process runs BUSCO on the generic lineage datasets for the domains archaea, bacteria and eukaryota. Once the optimal domain is selected, BUSCO automatically attempts to find the most appropriate BUSCO dataset to use based on phylogenetic placement.
	--auto-lineage-euk and --auto-lineage-prok are also available if you know your input assembly is, or is not, an eukaryote. See the user guide for more information.
	A reminder: Busco evaluations are valid when an appropriate dataset is used, i.e., the dataset belongs to the lineage of the species to test. Because of overlapping markers/spurious matches among domains, busco matches in another domain do not necessarily mean that your genome/proteome contains sequences from this domain. However, a high busco score in multiple domains might help you identify possible contaminations.
2026-04-17 09:12:03 DEBUG:busco.AutoLineage	Running auto selector
2026-04-17 09:12:04 DEBUG:busco.analysis.BuscoAnalysis	Check all required tools are accessible...
2026-04-17 09:12:06 DEBUG:busco.analysis.BuscoAnalysis	Checking dataset for HMM profiles
2026-04-17 09:12:06 INFO:busco.analysis.BuscoAnalysis	Running BUSCO using lineage dataset archaea_odb12 (prokaryota, 2025-05-14)
2026-04-17 09:12:06 INFO:busco.busco_tools.Toolset	Running 1 job(s) on bbtools, starting at 04/17/2026 09:12:06
2026-04-17 09:12:07 INFO:numexpr.utils	Note: detected 96 virtual cores but NumExpr set to maximum of 64, check "NUMEXPR_MAX_THREADS" environment variable.
2026-04-17 09:12:07 INFO:numexpr.utils	Note: detected 96 virtual cores but NumExpr set to maximum of 64, check "NUMEXPR_MAX_THREADS" environment variable.
2026-04-17 09:12:07 INFO:numexpr.utils	Note: NumExpr detected 96 cores but "NUMEXPR_MAX_THREADS" not set, so enforcing safe limit of 8.
2026-04-17 09:12:07 INFO:numexpr.utils	Note: NumExpr detected 96 cores but "NUMEXPR_MAX_THREADS" not set, so enforcing safe limit of 8.
2026-04-17 09:12:07 INFO:numexpr.utils	NumExpr defaulting to 8 threads.
2026-04-17 09:12:07 INFO:numexpr.utils	NumExpr defaulting to 8 threads.
2026-04-17 09:12:07 DEBUG:busco.busco_tools.Toolset	cmd call: stats.sh format=2 in=/home/yuch3531/genome_analysis_project/4_genome_assembly/spades_4922298/contigs.fasta n=10
2026-04-17 09:12:08 INFO:busco.busco_tools.Toolset	[bbtools]	1 of 1 task(s) completed
2026-04-17 09:12:08 INFO:busco.analysis.GenomeAnalysis	***** Run Prodigal on input to predict and extract genes *****
2026-04-17 09:12:08 DEBUG:busco.busco_tools.base	Tool: prodigal
2026-04-17 09:12:08 DEBUG:busco.busco_tools.base	Version: 2.6.3
2026-04-17 09:12:08 INFO:busco.busco_tools.prodigal	Running Prodigal with genetic code 11 in single mode
2026-04-17 09:12:08 INFO:busco.busco_tools.Toolset	Running 1 job(s) on prodigal, starting at 04/17/2026 09:12:08
2026-04-17 09:12:08 INFO:numexpr.utils	Note: detected 96 virtual cores but NumExpr set to maximum of 64, check "NUMEXPR_MAX_THREADS" environment variable.
2026-04-17 09:12:08 INFO:numexpr.utils	Note: NumExpr detected 96 cores but "NUMEXPR_MAX_THREADS" not set, so enforcing safe limit of 8.
2026-04-17 09:12:08 INFO:numexpr.utils	NumExpr defaulting to 8 threads.
2026-04-17 09:12:08 DEBUG:busco.busco_tools.Toolset	cmd call: prodigal -p single -f gff -g 11 -a /home/yuch3531/genome_analysis_project/4_genome_assembly/assembly_check/spades_busco/prodigal_output/predicted_genes/tmp/prodigal_mode_single_code_11.faa -d /home/yuch3531/genome_analysis_project/4_genome_assembly/assembly_check/spades_busco/prodigal_output/predicted_genes/tmp/prodigal_mode_single_code_11.fna -i /home/yuch3531/genome_analysis_project/4_genome_assembly/spades_4922298/contigs.fasta
2026-04-17 09:12:11 INFO:busco.busco_tools.Toolset	[prodigal]	1 of 1 task(s) completed
2026-04-17 09:12:11 DEBUG:busco.busco_tools.prodigal	Coding density is 0.8375288043636788
2026-04-17 09:12:12 INFO:busco.busco_tools.prodigal	Genetic code 11 selected as optimal
2026-04-17 09:12:12 INFO:busco.analysis.BuscoAnalysis	***** Run HMMER on gene sequences *****
2026-04-17 09:12:12 DEBUG:busco.busco_tools.base	Tool: hmmsearch
2026-04-17 09:12:12 DEBUG:busco.busco_tools.base	Version: 3.4
2026-04-17 09:12:12 INFO:busco.busco_tools.Toolset	Running 195 job(s) on hmmsearch, starting at 04/17/2026 09:12:12
2026-04-17 09:12:12 INFO:numexpr.utils	Note: detected 96 virtual cores but NumExpr set to maximum of 64, check "NUMEXPR_MAX_THREADS" environment variable.
2026-04-17 09:12:12 INFO:numexpr.utils	Note: NumExpr detected 96 cores but "NUMEXPR_MAX_THREADS" not set, so enforcing safe limit of 8.
2026-04-17 09:12:12 INFO:numexpr.utils	NumExpr defaulting to 8 threads.
2026-04-17 09:12:12 INFO:numexpr.utils	Note: detected 96 virtual cores but NumExpr set to maximum of 64, check "NUMEXPR_MAX_THREADS" environment variable.
2026-04-17 09:12:12 INFO:numexpr.utils	Note: NumExpr detected 96 cores but "NUMEXPR_MAX_THREADS" not set, so enforcing safe limit of 8.
2026-04-17 09:12:12 INFO:numexpr.utils	NumExpr defaulting to 8 threads.
2026-04-17 09:12:13 DEBUG:busco.busco_tools.Toolset	cmd call: hmmsearch --domtblout /home/yuch3531/genome_analysis_project/4_genome_assembly/assembly_check/spades_busco/auto_lineage/run_archaea_odb12/hmmer_output/10058at2157.out --cpu 1 /sw/data/local/BUSCO_Data/v5/lineages/archaea_odb12/hmms/10058at2157.hmm /home/yuch3531/genome_analysis_project/4_genome_assembly/assembly_check/spades_busco/prodigal_output/predicted_genes/predicted.faa
2026-04-17 09:12:13 DEBUG:busco.busco_tools.Toolset	cmd call: hmmsearch --domtblout /home/yuch3531/genome_analysis_project/4_genome_assembly/assembly_check/spades_busco/auto_lineage/run_archaea_odb12/hmmer_output/15051at2157.out --cpu 1 /sw/data/local/BUSCO_Data/v5/lineages/archaea_odb12/hmms/15051at2157.hmm /home/yuch3531/genome_analysis_project/4_genome_assembly/assembly_check/spades_busco/prodigal_output/predicted_genes/predicted.faa
2026-04-17 09:12:13 DEBUG:busco.busco_tools.Toolset	cmd call: hmmsearch --domtblout /home/yuch3531/genome_analysis_project/4_genome_assembly/assembly_check/spades_busco/auto_lineage/run_archaea_odb12/hmmer_output/10073at2157.out --cpu 1 /sw/data/local/BUSCO_Data/v5/lineages/archaea_odb12/hmms/10073at2157.hmm /home/yuch3531/genome_analysis_project/4_genome_assembly/assembly_check/spades_busco/prodigal_output/predicted_genes/predicted.faa
2026-04-17 09:12:13 DEBUG:busco.busco_tools.Toolset	cmd call: hmmsearch --domtblout /home/yuch3531/genome_analysis_project/4_genome_assembly/assembly_check/spades_busco/auto_lineage/run_archaea_odb12/hmmer_output/15212at2157.out --cpu 1 /sw/data/local/BUSCO_Data/v5/lineages/archaea_odb12/hmms/15212at2157.hmm /home/yuch3531/genome_analysis_project/4_genome_assembly/assembly_check/spades_busco/prodigal_output/predicted_genes/predicted.faa
2026-04-17 09:12:13 DEBUG:busco.busco_tools.Toolset	cmd call: hmmsearch --domtblout /home/yuch3531/genome_analysis_project/4_genome_assembly/assembly_check/spades_busco/auto_lineage/run_archaea_odb12/hmmer_output/10127at2157.out --cpu 1 /sw/data/local/BUSCO_Data/v5/lineages/archaea_odb12/hmms/10127at2157.hmm /home/yuch3531/genome_analysis_project/4_genome_assembly/assembly_check/spades_busco/prodigal_output/predicted_genes/predicted.faa
2026-04-17 09:12:13 DEBUG:busco.busco_tools.Toolset	cmd call: hmmsearch --domtblout /home/yuch3531/genome_analysis_project/4_genome_assembly/assembly_check/spades_busco/auto_lineage/run_archaea_odb12/hmmer_output/10348at2157.out --cpu 1 /sw/data/local/BUSCO_Data/v5/lineages/archaea_odb12/hmms/10348at2157.hmm /home/yuch3531/genome_analysis_project/4_genome_assembly/assembly_check/spades_busco/prodigal_output/predicted_genes/predicted.faa
2026-04-17 09:12:13 DEBUG:busco.busco_tools.Toolset	cmd call: hmmsearch --domtblout /home/yuch3531/genome_analysis_project/4_genome_assembly/assembly_check/spades_busco/auto_lineage/run_archaea_odb12/hmmer_output/15328at2157.out --cpu 1 /sw/data/local/BUSCO_Data/v5/lineages/archaea_odb12/hmms/15328at2157.hmm /home/yuch3531/genome_analysis_project/4_genome_assembly/assembly_check/spades_busco/prodigal_output/predicted_genes/predicted.faa
2026-04-17 09:12:13 DEBUG:busco.busco_tools.Toolset	cmd call: hmmsearch --domtblout /home/yuch3531/genome_analysis_project/4_genome_assembly/assembly_check/spades_busco/auto_lineage/run_archaea_odb12/hmmer_output/10382at2157.out --cpu 1 /sw/data/local/BUSCO_Data/v5/lineages/archaea_odb12/hmms/10382at2157.hmm /home/yuch3531/genome_analysis_project/4_genome_assembly/assembly_check/spades_busco/prodigal_output/predicted_genes/predicted.faa
2026-04-17 09:12:13 DEBUG:busco.busco_tools.Toolset	cmd call: hmmsearch --domtblout /home/yuch3531/genome_analysis_project/4_genome_assembly/assembly_check/spades_busco/auto_lineage/run_archaea_odb12/hmmer_output/15447at2157.out --cpu 1 /sw/data/local/BUSCO_Data/v5/lineages/archaea_odb12/hmms/15447at2157.hmm /home/yuch3531/genome_analysis_project/4_genome_assembly/assembly_check/spades_busco/prodigal_output/predicted_genes/predicted.faa
2026-04-17 09:12:13 DEBUG:busco.busco_tools.Toolset	cmd call: hmmsearch --domtblout /home/yuch3531/genome_analysis_project/4_genome_assembly/assembly_check/spades_busco/auto_lineage/run_archaea_odb12/hmmer_output/17644at2157.out --cpu 1 /sw/data/local/BUSCO_Data/v5/lineages/archaea_odb12/hmms/17644at2157.hmm /home/yuch3531/genome_analysis_project/4_genome_assembly/assembly_check/spades_busco/prodigal_output/predicted_genes/predicted.faa
2026-04-17 09:12:13 DEBUG:busco.busco_tools.Toolset	cmd call: hmmsearch --domtblout /home/yuch3531/genome_analysis_project/4_genome_assembly/assembly_check/spades_busco/auto_lineage/run_archaea_odb12/hmmer_output/10429at2157.out --cpu 1 /sw/data/local/BUSCO_Data/v5/lineages/archaea_odb12/hmms/10429at2157.hmm /home/yuch3531/genome_analysis_project/4_genome_assembly/assembly_check/spades_busco/prodigal_output/predicted_genes/predicted.faa
2026-04-17 09:12:13 DEBUG:busco.busco_tools.Toolset	cmd call: hmmsearch --domtblout /home/yuch3531/genome_analysis_project/4_genome_assembly/assembly_check/spades_busco/auto_lineage/run_archaea_odb12/hmmer_output/1798at2157.out --cpu 1 /sw/data/local/BUSCO_Data/v5/lineages/archaea_odb12/hmms/1798at2157.hmm /home/yuch3531/genome_analysis_project/4_genome_assembly/assembly_check/spades_busco/prodigal_output/predicted_genes/predicted.faa
2026-04-17 09:12:13 DEBUG:busco.busco_tools.Toolset	cmd call: hmmsearch --domtblout /home/yuch3531/genome_analysis_project/4_genome_assembly/assembly_check/spades_busco/auto_lineage/run_archaea_odb12/hmmer_output/10470at2157.out --cpu 1 /sw/data/local/BUSCO_Data/v5/lineages/archaea_odb12/hmms/10470at2157.hmm /home/yuch3531/genome_analysis_project/4_genome_assembly/assembly_check/spades_busco/prodigal_output/predicted_genes/predicted.faa
2026-04-17 09:12:13 DEBUG:busco.busco_tools.Toolset	cmd call: hmmsearch --domtblout /home/yuch3531/genome_analysis_project/4_genome_assembly/assembly_check/spades_busco/auto_lineage/run_archaea_odb12/hmmer_output/10536at2157.out --cpu 1 /sw/data/local/BUSCO_Data/v5/lineages/archaea_odb12/hmms/10536at2157.hmm /home/yuch3531/genome_analysis_project/4_genome_assembly/assembly_check/spades_busco/prodigal_output/predicted_genes/predicted.faa
2026-04-17 09:12:13 DEBUG:busco.busco_tools.Toolset	cmd call: hmmsearch --domtblout /home/yuch3531/genome_analysis_project/4_genome_assembly/assembly_check/spades_busco/auto_lineage/run_archaea_odb12/hmmer_output/10567at2157.out --cpu 1 /sw/data/local/BUSCO_Data/v5/lineages/archaea_odb12/hmms/10567at2157.hmm /home/yuch3531/genome_analysis_project/4_genome_assembly/assembly_check/spades_busco/prodigal_output/predicted_genes/predicted.faa
2026-04-17 09:12:14 DEBUG:busco.busco_tools.Toolset	cmd call: hmmsearch --domtblout /home/yuch3531/genome_analysis_project/4_genome_assembly/assembly_check/spades_busco/auto_lineage/run_archaea_odb12/hmmer_output/10698at2157.out --cpu 1 /sw/data/local/BUSCO_Data/v5/lineages/archaea_odb12/hmms/10698at2157.hmm /home/yuch3531/genome_analysis_project/4_genome_assembly/assembly_check/spades_busco/prodigal_output/predicted_genes/predicted.faa
2026-04-17 09:12:14 DEBUG:busco.busco_tools.Toolset	cmd call: hmmsearch --domtblout /home/yuch3531/genome_analysis_project/4_genome_assembly/assembly_check/spades_busco/auto_lineage/run_archaea_odb12/hmmer_output/10737at2157.out --cpu 1 /sw/data/local/BUSCO_Data/v5/lineages/archaea_odb12/hmms/10737at2157.hmm /home/yuch3531/genome_analysis_project/4_genome_assembly/assembly_check/spades_busco/prodigal_output/predicted_genes/predicted.faa
2026-04-17 09:12:14 DEBUG:busco.busco_tools.Toolset	cmd call: hmmsearch --domtblout /home/yuch3531/genome_analysis_project/4_genome_assembly/assembly_check/spades_busco/auto_lineage/run_archaea_odb12/hmmer_output/10899at2157.out --cpu 1 /sw/data/local/BUSCO_Data/v5/lineages/archaea_odb12/hmms/10899at2157.hmm /home/yuch3531/genome_analysis_project/4_genome_assembly/assembly_check/spades_busco/prodigal_output/predicted_genes/predicted.faa
2026-04-17 09:12:14 DEBUG:busco.busco_tools.Toolset	cmd call: hmmsearch --domtblout /home/yuch3531/genome_analysis_project/4_genome_assembly/assembly_check/spades_busco/auto_lineage/run_archaea_odb12/hmmer_output/19001at2157.out --cpu 1 /sw/data/local/BUSCO_Data/v5/lineages/archaea_odb12/hmms/19001at2157.hmm /home/yuch3531/genome_analysis_project/4_genome_assembly/assembly_check/spades_busco/prodigal_output/predicted_genes/predicted.faa
2026-04-17 09:12:14 DEBUG:busco.busco_tools.Toolset	cmd call: hmmsearch --domtblout /home/yuch3531/genome_analysis_project/4_genome_assembly/assembly_check/spades_busco/auto_lineage/run_archaea_odb12/hmmer_output/10943at2157.out --cpu 1 /sw/data/local/BUSCO_Data/v5/lineages/archaea_odb12/hmms/10943at2157.hmm /home/yuch3531/genome_analysis_project/4_genome_assembly/assembly_check/spades_busco/prodigal_output/predicted_genes/predicted.faa
2026-04-17 09:12:14 DEBUG:busco.busco_tools.Toolset	cmd call: hmmsearch --domtblout /home/yuch3531/genome_analysis_project/4_genome_assembly/assembly_check/spades_busco/auto_lineage/run_archaea_odb12/hmmer_output/19013at2157.out --cpu 1 /sw/data/local/BUSCO_Data/v5/lineages/archaea_odb12/hmms/19013at2157.hmm /home/yuch3531/genome_analysis_project/4_genome_assembly/assembly_check/spades_busco/prodigal_output/predicted_genes/predicted.faa
2026-04-17 09:12:14 INFO:busco.busco_tools.Toolset	[hmmsearch]	20 of 195 task(s) completed
2026-04-17 09:12:14 DEBUG:busco.busco_tools.Toolset	cmd call: hmmsearch --domtblout /home/yuch3531/genome_analysis_project/4_genome_assembly/assembly_check/spades_busco/auto_lineage/run_archaea_odb12/hmmer_output/1912at2157.out --cpu 1 /sw/data/local/BUSCO_Data/v5/lineages/archaea_odb12/hmms/1912at2157.hmm /home/yuch3531/genome_analysis_project/4_genome_assembly/assembly_check/spades_busco/prodigal_output/predicted_genes/predicted.faa
2026-04-17 09:12:14 DEBUG:busco.busco_tools.Toolset	cmd call: hmmsearch --domtblout /home/yuch3531/genome_analysis_project/4_genome_assembly/assembly_check/spades_busco/auto_lineage/run_archaea_odb12/hmmer_output/10981at2157.out --cpu 1 /sw/data/local/BUSCO_Data/v5/lineages/archaea_odb12/hmms/10981at2157.hmm /home/yuch3531/genome_analysis_project/4_genome_assembly/assembly_check/spades_busco/prodigal_output/predicted_genes/predicted.faa
2026-04-17 09:12:14 DEBUG:busco.busco_tools.Toolset	cmd call: hmmsearch --domtblout /home/yuch3531/genome_analysis_project/4_genome_assembly/assembly_check/spades_busco/auto_lineage/run_archaea_odb12/hmmer_output/204488at2157.out --cpu 1 /sw/data/local/BUSCO_Data/v5/lineages/archaea_odb12/hmms/204488at2157.hmm /home/yuch3531/genome_analysis_project/4_genome_assembly/assembly_check/spades_busco/prodigal_output/predicted_genes/predicted.faa
2026-04-17 09:12:14 DEBUG:busco.busco_tools.Toolset	cmd call: hmmsearch --domtblout /home/yuch3531/genome_analysis_project/4_genome_assembly/assembly_check/spades_busco/auto_lineage/run_archaea_odb12/hmmer_output/11138at2157.out --cpu 1 /sw/data/local/BUSCO_Data/v5/lineages/archaea_odb12/hmms/11138at2157.hmm /home/yuch3531/genome_analysis_project/4_genome_assembly/assembly_check/spades_busco/prodigal_output/predicted_genes/predicted.faa
2026-04-17 09:12:15 DEBUG:busco.busco_tools.Toolset	cmd call: hmmsearch --domtblout /home/yuch3531/genome_analysis_project/4_genome_assembly/assembly_check/spades_busco/auto_lineage/run_archaea_odb12/hmmer_output/23569at2157.out --cpu 1 /sw/data/local/BUSCO_Data/v5/lineages/archaea_odb12/hmms/23569at2157.hmm /home/yuch3531/genome_analysis_project/4_genome_assembly/assembly_check/spades_busco/prodigal_output/predicted_genes/predicted.faa
2026-04-17 09:12:15 DEBUG:busco.busco_tools.Toolset	cmd call: hmmsearch --domtblout /home/yuch3531/genome_analysis_project/4_genome_assembly/assembly_check/spades_busco/auto_lineage/run_archaea_odb12/hmmer_output/11309at2157.out --cpu 1 /sw/data/local/BUSCO_Data/v5/lineages/archaea_odb12/hmms/11309at2157.hmm /home/yuch3531/genome_analysis_project/4_genome_assembly/assembly_check/spades_busco/prodigal_output/predicted_genes/predicted.faa
2026-04-17 09:12:15 DEBUG:busco.busco_tools.Toolset	cmd call: hmmsearch --domtblout /home/yuch3531/genome_analysis_project/4_genome_assembly/assembly_check/spades_busco/auto_lineage/run_archaea_odb12/hmmer_output/23689at2157.out --cpu 1 /sw/data/local/BUSCO_Data/v5/lineages/archaea_odb12/hmms/23689at2157.hmm /home/yuch3531/genome_analysis_project/4_genome_assembly/assembly_check/spades_busco/prodigal_output/predicted_genes/predicted.faa
2026-04-17 09:12:15 DEBUG:busco.busco_tools.Toolset	cmd call: hmmsearch --domtblout /home/yuch3531/genome_analysis_project/4_genome_assembly/assembly_check/spades_busco/auto_lineage/run_archaea_odb12/hmmer_output/115235at2157.out --cpu 1 /sw/data/local/BUSCO_Data/v5/lineages/archaea_odb12/hmms/115235at2157.hmm /home/yuch3531/genome_analysis_project/4_genome_assembly/assembly_check/spades_busco/prodigal_output/predicted_genes/predicted.faa
2026-04-17 09:12:15 DEBUG:busco.busco_tools.Toolset	cmd call: hmmsearch --domtblout /home/yuch3531/genome_analysis_project/4_genome_assembly/assembly_check/spades_busco/auto_lineage/run_archaea_odb12/hmmer_output/24205at2157.out --cpu 1 /sw/data/local/BUSCO_Data/v5/lineages/archaea_odb12/hmms/24205at2157.hmm /home/yuch3531/genome_analysis_project/4_genome_assembly/assembly_check/spades_busco/prodigal_output/predicted_genes/predicted.faa
2026-04-17 09:12:15 DEBUG:busco.busco_tools.Toolset	cmd call: hmmsearch --domtblout /home/yuch3531/genome_analysis_project/4_genome_assembly/assembly_check/spades_busco/auto_lineage/run_archaea_odb12/hmmer_output/24971at2157.out --cpu 1 /sw/data/local/BUSCO_Data/v5/lineages/archaea_odb12/hmms/24971at2157.hmm /home/yuch3531/genome_analysis_project/4_genome_assembly/assembly_check/spades_busco/prodigal_output/predicted_genes/predicted.faa
2026-04-17 09:12:15 DEBUG:busco.busco_tools.Toolset	cmd call: hmmsearch --domtblout /home/yuch3531/genome_analysis_project/4_genome_assembly/assembly_check/spades_busco/auto_lineage/run_archaea_odb12/hmmer_output/11624at2157.out --cpu 1 /sw/data/local/BUSCO_Data/v5/lineages/archaea_odb12/hmms/11624at2157.hmm /home/yuch3531/genome_analysis_project/4_genome_assembly/assembly_check/spades_busco/prodigal_output/predicted_genes/predicted.faa
2026-04-17 09:12:15 DEBUG:busco.busco_tools.Toolset	cmd call: hmmsearch --domtblout /home/yuch3531/genome_analysis_project/4_genome_assembly/assembly_check/spades_busco/auto_lineage/run_archaea_odb12/hmmer_output/117390at2157.out --cpu 1 /sw/data/local/BUSCO_Data/v5/lineages/archaea_odb12/hmms/117390at2157.hmm /home/yuch3531/genome_analysis_project/4_genome_assembly/assembly_check/spades_busco/prodigal_output/predicted_genes/predicted.faa
2026-04-17 09:12:15 DEBUG:busco.busco_tools.Toolset	cmd call: hmmsearch --domtblout /home/yuch3531/genome_analysis_project/4_genome_assembly/assembly_check/spades_busco/auto_lineage/run_archaea_odb12/hmmer_output/25735at2157.out --cpu 1 /sw/data/local/BUSCO_Data/v5/lineages/archaea_odb12/hmms/25735at2157.hmm /home/yuch3531/genome_analysis_project/4_genome_assembly/assembly_check/spades_busco/prodigal_output/predicted_genes/predicted.faa
2026-04-17 09:12:15 DEBUG:busco.busco_tools.Toolset	cmd call: hmmsearch --domtblout /home/yuch3531/genome_analysis_project/4_genome_assembly/assembly_check/spades_busco/auto_lineage/run_archaea_odb12/hmmer_output/11877at2157.out --cpu 1 /sw/data/local/BUSCO_Data/v5/lineages/archaea_odb12/hmms/11877at2157.hmm /home/yuch3531/genome_analysis_project/4_genome_assembly/assembly_check/spades_busco/prodigal_output/predicted_genes/predicted.faa
2026-04-17 09:12:15 DEBUG:busco.busco_tools.Toolset	cmd call: hmmsearch --domtblout /home/yuch3531/genome_analysis_project/4_genome_assembly/assembly_check/spades_busco/auto_lineage/run_archaea_odb12/hmmer_output/25810at2157.out --cpu 1 /sw/data/local/BUSCO_Data/v5/lineages/archaea_odb12/hmms/25810at2157.hmm /home/yuch3531/genome_analysis_project/4_genome_assembly/assembly_check/spades_busco/prodigal_output/predicted_genes/predicted.faa
2026-04-17 09:12:15 DEBUG:busco.busco_tools.Toolset	cmd call: hmmsearch --domtblout /home/yuch3531/genome_analysis_project/4_genome_assembly/assembly_check/spades_busco/auto_lineage/run_archaea_odb12/hmmer_output/12054at2157.out --cpu 1 /sw/data/local/BUSCO_Data/v5/lineages/archaea_odb12/hmms/12054at2157.hmm /home/yuch3531/genome_analysis_project/4_genome_assembly/assembly_check/spades_busco/prodigal_output/predicted_genes/predicted.faa
2026-04-17 09:12:15 DEBUG:busco.busco_tools.Toolset	cmd call: hmmsearch --domtblout /home/yuch3531/genome_analysis_project/4_genome_assembly/assembly_check/spades_busco/auto_lineage/run_archaea_odb12/hmmer_output/27149at2157.out --cpu 1 /sw/data/local/BUSCO_Data/v5/lineages/archaea_odb12/hmms/27149at2157.hmm /home/yuch3531/genome_analysis_project/4_genome_assembly/assembly_check/spades_busco/prodigal_output/predicted_genes/predicted.faa
2026-04-17 09:12:15 DEBUG:busco.busco_tools.Toolset	cmd call: hmmsearch --domtblout /home/yuch3531/genome_analysis_project/4_genome_assembly/assembly_check/spades_busco/auto_lineage/run_archaea_odb12/hmmer_output/129238at2157.out --cpu 1 /sw/data/local/BUSCO_Data/v5/lineages/archaea_odb12/hmms/129238at2157.hmm /home/yuch3531/genome_analysis_project/4_genome_assembly/assembly_check/spades_busco/prodigal_output/predicted_genes/predicted.faa
2026-04-17 09:12:15 DEBUG:busco.busco_tools.Toolset	cmd call: hmmsearch --domtblout /home/yuch3531/genome_analysis_project/4_genome_assembly/assembly_check/spades_busco/auto_lineage/run_archaea_odb12/hmmer_output/275101at2157.out --cpu 1 /sw/data/local/BUSCO_Data/v5/lineages/archaea_odb12/hmms/275101at2157.hmm /home/yuch3531/genome_analysis_project/4_genome_assembly/assembly_check/spades_busco/prodigal_output/predicted_genes/predicted.faa
2026-04-17 09:12:15 INFO:busco.busco_tools.Toolset	[hmmsearch]	39 of 195 task(s) completed
2026-04-17 09:12:15 DEBUG:busco.busco_tools.Toolset	cmd call: hmmsearch --domtblout /home/yuch3531/genome_analysis_project/4_genome_assembly/assembly_check/spades_busco/auto_lineage/run_archaea_odb12/hmmer_output/14397at2157.out --cpu 1 /sw/data/local/BUSCO_Data/v5/lineages/archaea_odb12/hmms/14397at2157.hmm /home/yuch3531/genome_analysis_project/4_genome_assembly/assembly_check/spades_busco/prodigal_output/predicted_genes/predicted.faa
2026-04-17 09:12:15 DEBUG:busco.busco_tools.Toolset	cmd call: hmmsearch --domtblout /home/yuch3531/genome_analysis_project/4_genome_assembly/assembly_check/spades_busco/auto_lineage/run_archaea_odb12/hmmer_output/27533at2157.out --cpu 1 /sw/data/local/BUSCO_Data/v5/lineages/archaea_odb12/hmms/27533at2157.hmm /home/yuch3531/genome_analysis_project/4_genome_assembly/assembly_check/spades_busco/prodigal_output/predicted_genes/predicted.faa
2026-04-17 09:12:15 DEBUG:busco.busco_tools.Toolset	cmd call: hmmsearch --domtblout /home/yuch3531/genome_analysis_project/4_genome_assembly/assembly_check/spades_busco/auto_lineage/run_archaea_odb12/hmmer_output/146558at2157.out --cpu 1 /sw/data/local/BUSCO_Data/v5/lineages/archaea_odb12/hmms/146558at2157.hmm /home/yuch3531/genome_analysis_project/4_genome_assembly/assembly_check/spades_busco/prodigal_output/predicted_genes/predicted.faa
2026-04-17 09:12:15 DEBUG:busco.busco_tools.Toolset	cmd call: hmmsearch --domtblout /home/yuch3531/genome_analysis_project/4_genome_assembly/assembly_check/spades_busco/auto_lineage/run_archaea_odb12/hmmer_output/147673at2157.out --cpu 1 /sw/data/local/BUSCO_Data/v5/lineages/archaea_odb12/hmms/147673at2157.hmm /home/yuch3531/genome_analysis_project/4_genome_assembly/assembly_check/spades_busco/prodigal_output/predicted_genes/predicted.faa
2026-04-17 09:12:15 DEBUG:busco.busco_tools.Toolset	cmd call: hmmsearch --domtblout /home/yuch3531/genome_analysis_project/4_genome_assembly/assembly_check/spades_busco/auto_lineage/run_archaea_odb12/hmmer_output/27944at2157.out --cpu 1 /sw/data/local/BUSCO_Data/v5/lineages/archaea_odb12/hmms/27944at2157.hmm /home/yuch3531/genome_analysis_project/4_genome_assembly/assembly_check/spades_busco/prodigal_output/predicted_genes/predicted.faa
2026-04-17 09:12:16 DEBUG:busco.busco_tools.Toolset	cmd call: hmmsearch --domtblout /home/yuch3531/genome_analysis_project/4_genome_assembly/assembly_check/spades_busco/auto_lineage/run_archaea_odb12/hmmer_output/27972at2157.out --cpu 1 /sw/data/local/BUSCO_Data/v5/lineages/archaea_odb12/hmms/27972at2157.hmm /home/yuch3531/genome_analysis_project/4_genome_assembly/assembly_check/spades_busco/prodigal_output/predicted_genes/predicted.faa
2026-04-17 09:12:16 DEBUG:busco.busco_tools.Toolset	cmd call: hmmsearch --domtblout /home/yuch3531/genome_analysis_project/4_genome_assembly/assembly_check/spades_busco/auto_lineage/run_archaea_odb12/hmmer_output/295712at2157.out --cpu 1 /sw/data/local/BUSCO_Data/v5/lineages/archaea_odb12/hmms/295712at2157.hmm /home/yuch3531/genome_analysis_project/4_genome_assembly/assembly_check/spades_busco/prodigal_output/predicted_genes/predicted.faa
2026-04-17 09:12:16 DEBUG:busco.busco_tools.Toolset	cmd call: hmmsearch --domtblout /home/yuch3531/genome_analysis_project/4_genome_assembly/assembly_check/spades_busco/auto_lineage/run_archaea_odb12/hmmer_output/30639at2157.out --cpu 1 /sw/data/local/BUSCO_Data/v5/lineages/archaea_odb12/hmms/30639at2157.hmm /home/yuch3531/genome_analysis_project/4_genome_assembly/assembly_check/spades_busco/prodigal_output/predicted_genes/predicted.faa
2026-04-17 09:12:16 DEBUG:busco.busco_tools.Toolset	cmd call: hmmsearch --domtblout /home/yuch3531/genome_analysis_project/4_genome_assembly/assembly_check/spades_busco/auto_lineage/run_archaea_odb12/hmmer_output/30537at2157.out --cpu 1 /sw/data/local/BUSCO_Data/v5/lineages/archaea_odb12/hmms/30537at2157.hmm /home/yuch3531/genome_analysis_project/4_genome_assembly/assembly_check/spades_busco/prodigal_output/predicted_genes/predicted.faa
2026-04-17 09:12:16 DEBUG:busco.busco_tools.Toolset	cmd call: hmmsearch --domtblout /home/yuch3531/genome_analysis_project/4_genome_assembly/assembly_check/spades_busco/auto_lineage/run_archaea_odb12/hmmer_output/30658at2157.out --cpu 1 /sw/data/local/BUSCO_Data/v5/lineages/archaea_odb12/hmms/30658at2157.hmm /home/yuch3531/genome_analysis_project/4_genome_assembly/assembly_check/spades_busco/prodigal_output/predicted_genes/predicted.faa
2026-04-17 09:12:16 DEBUG:busco.busco_tools.Toolset	cmd call: hmmsearch --domtblout /home/yuch3531/genome_analysis_project/4_genome_assembly/assembly_check/spades_busco/auto_lineage/run_archaea_odb12/hmmer_output/30538at2157.out --cpu 1 /sw/data/local/BUSCO_Data/v5/lineages/archaea_odb12/hmms/30538at2157.hmm /home/yuch3531/genome_analysis_project/4_genome_assembly/assembly_check/spades_busco/prodigal_output/predicted_genes/predicted.faa
2026-04-17 09:12:16 DEBUG:busco.busco_tools.Toolset	cmd call: hmmsearch --domtblout /home/yuch3531/genome_analysis_project/4_genome_assembly/assembly_check/spades_busco/auto_lineage/run_archaea_odb12/hmmer_output/30559at2157.out --cpu 1 /sw/data/local/BUSCO_Data/v5/lineages/archaea_odb12/hmms/30559at2157.hmm /home/yuch3531/genome_analysis_project/4_genome_assembly/assembly_check/spades_busco/prodigal_output/predicted_genes/predicted.faa
2026-04-17 09:12:16 DEBUG:busco.busco_tools.Toolset	cmd call: hmmsearch --domtblout /home/yuch3531/genome_analysis_project/4_genome_assembly/assembly_check/spades_busco/auto_lineage/run_archaea_odb12/hmmer_output/371812at2157.out --cpu 1 /sw/data/local/BUSCO_Data/v5/lineages/archaea_odb12/hmms/371812at2157.hmm /home/yuch3531/genome_analysis_project/4_genome_assembly/assembly_check/spades_busco/prodigal_output/predicted_genes/predicted.faa
2026-04-17 09:12:16 DEBUG:busco.busco_tools.Toolset	cmd call: hmmsearch --domtblout /home/yuch3531/genome_analysis_project/4_genome_assembly/assembly_check/spades_busco/auto_lineage/run_archaea_odb12/hmmer_output/30823at2157.out --cpu 1 /sw/data/local/BUSCO_Data/v5/lineages/archaea_odb12/hmms/30823at2157.hmm /home/yuch3531/genome_analysis_project/4_genome_assembly/assembly_check/spades_busco/prodigal_output/predicted_genes/predicted.faa
2026-04-17 09:12:16 DEBUG:busco.busco_tools.Toolset	cmd call: hmmsearch --domtblout /home/yuch3531/genome_analysis_project/4_genome_assembly/assembly_check/spades_busco/auto_lineage/run_archaea_odb12/hmmer_output/371836at2157.out --cpu 1 /sw/data/local/BUSCO_Data/v5/lineages/archaea_odb12/hmms/371836at2157.hmm /home/yuch3531/genome_analysis_project/4_genome_assembly/assembly_check/spades_busco/prodigal_output/predicted_genes/predicted.faa
2026-04-17 09:12:17 DEBUG:busco.busco_tools.Toolset	cmd call: hmmsearch --domtblout /home/yuch3531/genome_analysis_project/4_genome_assembly/assembly_check/spades_busco/auto_lineage/run_archaea_odb12/hmmer_output/371856at2157.out --cpu 1 /sw/data/local/BUSCO_Data/v5/lineages/archaea_odb12/hmms/371856at2157.hmm /home/yuch3531/genome_analysis_project/4_genome_assembly/assembly_check/spades_busco/prodigal_output/predicted_genes/predicted.faa
2026-04-17 09:12:17 DEBUG:busco.busco_tools.Toolset	cmd call: hmmsearch --domtblout /home/yuch3531/genome_analysis_project/4_genome_assembly/assembly_check/spades_busco/auto_lineage/run_archaea_odb12/hmmer_output/30930at2157.out --cpu 1 /sw/data/local/BUSCO_Data/v5/lineages/archaea_odb12/hmms/30930at2157.hmm /home/yuch3531/genome_analysis_project/4_genome_assembly/assembly_check/spades_busco/prodigal_output/predicted_genes/predicted.faa
2026-04-17 09:12:17 DEBUG:busco.busco_tools.Toolset	cmd call: hmmsearch --domtblout /home/yuch3531/genome_analysis_project/4_genome_assembly/assembly_check/spades_busco/auto_lineage/run_archaea_odb12/hmmer_output/371863at2157.out --cpu 1 /sw/data/local/BUSCO_Data/v5/lineages/archaea_odb12/hmms/371863at2157.hmm /home/yuch3531/genome_analysis_project/4_genome_assembly/assembly_check/spades_busco/prodigal_output/predicted_genes/predicted.faa
2026-04-17 09:12:17 DEBUG:busco.busco_tools.Toolset	cmd call: hmmsearch --domtblout /home/yuch3531/genome_analysis_project/4_genome_assembly/assembly_check/spades_busco/auto_lineage/run_archaea_odb12/hmmer_output/371914at2157.out --cpu 1 /sw/data/local/BUSCO_Data/v5/lineages/archaea_odb12/hmms/371914at2157.hmm /home/yuch3531/genome_analysis_project/4_genome_assembly/assembly_check/spades_busco/prodigal_output/predicted_genes/predicted.faa
2026-04-17 09:12:17 DEBUG:busco.busco_tools.Toolset	cmd call: hmmsearch --domtblout /home/yuch3531/genome_analysis_project/4_genome_assembly/assembly_check/spades_busco/auto_lineage/run_archaea_odb12/hmmer_output/30955at2157.out --cpu 1 /sw/data/local/BUSCO_Data/v5/lineages/archaea_odb12/hmms/30955at2157.hmm /home/yuch3531/genome_analysis_project/4_genome_assembly/assembly_check/spades_busco/prodigal_output/predicted_genes/predicted.faa
2026-04-17 09:12:17 INFO:busco.busco_tools.Toolset	[hmmsearch]	59 of 195 task(s) completed
2026-04-17 09:12:17 DEBUG:busco.busco_tools.Toolset	cmd call: hmmsearch --domtblout /home/yuch3531/genome_analysis_project/4_genome_assembly/assembly_check/spades_busco/auto_lineage/run_archaea_odb12/hmmer_output/371959at2157.out --cpu 1 /sw/data/local/BUSCO_Data/v5/lineages/archaea_odb12/hmms/371959at2157.hmm /home/yuch3531/genome_analysis_project/4_genome_assembly/assembly_check/spades_busco/prodigal_output/predicted_genes/predicted.faa
2026-04-17 09:12:17 DEBUG:busco.busco_tools.Toolset	cmd call: hmmsearch --domtblout /home/yuch3531/genome_analysis_project/4_genome_assembly/assembly_check/spades_busco/auto_lineage/run_archaea_odb12/hmmer_output/30957at2157.out --cpu 1 /sw/data/local/BUSCO_Data/v5/lineages/archaea_odb12/hmms/30957at2157.hmm /home/yuch3531/genome_analysis_project/4_genome_assembly/assembly_check/spades_busco/prodigal_output/predicted_genes/predicted.faa
2026-04-17 09:12:17 DEBUG:busco.busco_tools.Toolset	cmd call: hmmsearch --domtblout /home/yuch3531/genome_analysis_project/4_genome_assembly/assembly_check/spades_busco/auto_lineage/run_archaea_odb12/hmmer_output/371997at2157.out --cpu 1 /sw/data/local/BUSCO_Data/v5/lineages/archaea_odb12/hmms/371997at2157.hmm /home/yuch3531/genome_analysis_project/4_genome_assembly/assembly_check/spades_busco/prodigal_output/predicted_genes/predicted.faa
2026-04-17 09:12:17 DEBUG:busco.busco_tools.Toolset	cmd call: hmmsearch --domtblout /home/yuch3531/genome_analysis_project/4_genome_assembly/assembly_check/spades_busco/auto_lineage/run_archaea_odb12/hmmer_output/31129at2157.out --cpu 1 /sw/data/local/BUSCO_Data/v5/lineages/archaea_odb12/hmms/31129at2157.hmm /home/yuch3531/genome_analysis_project/4_genome_assembly/assembly_check/spades_busco/prodigal_output/predicted_genes/predicted.faa
2026-04-17 09:12:17 DEBUG:busco.busco_tools.Toolset	cmd call: hmmsearch --domtblout /home/yuch3531/genome_analysis_project/4_genome_assembly/assembly_check/spades_busco/auto_lineage/run_archaea_odb12/hmmer_output/372008at2157.out --cpu 1 /sw/data/local/BUSCO_Data/v5/lineages/archaea_odb12/hmms/372008at2157.hmm /home/yuch3531/genome_analysis_project/4_genome_assembly/assembly_check/spades_busco/prodigal_output/predicted_genes/predicted.faa
2026-04-17 09:12:17 DEBUG:busco.busco_tools.Toolset	cmd call: hmmsearch --domtblout /home/yuch3531/genome_analysis_project/4_genome_assembly/assembly_check/spades_busco/auto_lineage/run_archaea_odb12/hmmer_output/31271at2157.out --cpu 1 /sw/data/local/BUSCO_Data/v5/lineages/archaea_odb12/hmms/31271at2157.hmm /home/yuch3531/genome_analysis_project/4_genome_assembly/assembly_check/spades_busco/prodigal_output/predicted_genes/predicted.faa
2026-04-17 09:12:17 DEBUG:busco.busco_tools.Toolset	cmd call: hmmsearch --domtblout /home/yuch3531/genome_analysis_project/4_genome_assembly/assembly_check/spades_busco/auto_lineage/run_archaea_odb12/hmmer_output/372011at2157.out --cpu 1 /sw/data/local/BUSCO_Data/v5/lineages/archaea_odb12/hmms/372011at2157.hmm /home/yuch3531/genome_analysis_project/4_genome_assembly/assembly_check/spades_busco/prodigal_output/predicted_genes/predicted.faa
2026-04-17 09:12:17 DEBUG:busco.busco_tools.Toolset	cmd call: hmmsearch --domtblout /home/yuch3531/genome_analysis_project/4_genome_assembly/assembly_check/spades_busco/auto_lineage/run_archaea_odb12/hmmer_output/31300at2157.out --cpu 1 /sw/data/local/BUSCO_Data/v5/lineages/archaea_odb12/hmms/31300at2157.hmm /home/yuch3531/genome_analysis_project/4_genome_assembly/assembly_check/spades_busco/prodigal_output/predicted_genes/predicted.faa
2026-04-17 09:12:17 DEBUG:busco.busco_tools.Toolset	cmd call: hmmsearch --domtblout /home/yuch3531/genome_analysis_project/4_genome_assembly/assembly_check/spades_busco/auto_lineage/run_archaea_odb12/hmmer_output/372044at2157.out --cpu 1 /sw/data/local/BUSCO_Data/v5/lineages/archaea_odb12/hmms/372044at2157.hmm /home/yuch3531/genome_analysis_project/4_genome_assembly/assembly_check/spades_busco/prodigal_output/predicted_genes/predicted.faa
2026-04-17 09:12:17 DEBUG:busco.busco_tools.Toolset	cmd call: hmmsearch --domtblout /home/yuch3531/genome_analysis_project/4_genome_assembly/assembly_check/spades_busco/auto_lineage/run_archaea_odb12/hmmer_output/372073at2157.out --cpu 1 /sw/data/local/BUSCO_Data/v5/lineages/archaea_odb12/hmms/372073at2157.hmm /home/yuch3531/genome_analysis_project/4_genome_assembly/assembly_check/spades_busco/prodigal_output/predicted_genes/predicted.faa
2026-04-17 09:12:17 DEBUG:busco.busco_tools.Toolset	cmd call: hmmsearch --domtblout /home/yuch3531/genome_analysis_project/4_genome_assembly/assembly_check/spades_busco/auto_lineage/run_archaea_odb12/hmmer_output/31424at2157.out --cpu 1 /sw/data/local/BUSCO_Data/v5/lineages/archaea_odb12/hmms/31424at2157.hmm /home/yuch3531/genome_analysis_project/4_genome_assembly/assembly_check/spades_busco/prodigal_output/predicted_genes/predicted.faa
2026-04-17 09:12:17 DEBUG:busco.busco_tools.Toolset	cmd call: hmmsearch --domtblout /home/yuch3531/genome_analysis_project/4_genome_assembly/assembly_check/spades_busco/auto_lineage/run_archaea_odb12/hmmer_output/372100at2157.out --cpu 1 /sw/data/local/BUSCO_Data/v5/lineages/archaea_odb12/hmms/372100at2157.hmm /home/yuch3531/genome_analysis_project/4_genome_assembly/assembly_check/spades_busco/prodigal_output/predicted_genes/predicted.faa
2026-04-17 09:12:17 DEBUG:busco.busco_tools.Toolset	cmd call: hmmsearch --domtblout /home/yuch3531/genome_analysis_project/4_genome_assembly/assembly_check/spades_busco/auto_lineage/run_archaea_odb12/hmmer_output/314984at2157.out --cpu 1 /sw/data/local/BUSCO_Data/v5/lineages/archaea_odb12/hmms/314984at2157.hmm /home/yuch3531/genome_analysis_project/4_genome_assembly/assembly_check/spades_busco/prodigal_output/predicted_genes/predicted.faa
2026-04-17 09:12:17 DEBUG:busco.busco_tools.Toolset	cmd call: hmmsearch --domtblout /home/yuch3531/genome_analysis_project/4_genome_assembly/assembly_check/spades_busco/auto_lineage/run_archaea_odb12/hmmer_output/372102at2157.out --cpu 1 /sw/data/local/BUSCO_Data/v5/lineages/archaea_odb12/hmms/372102at2157.hmm /home/yuch3531/genome_analysis_project/4_genome_assembly/assembly_check/spades_busco/prodigal_output/predicted_genes/predicted.faa
2026-04-17 09:12:17 DEBUG:busco.busco_tools.Toolset	cmd call: hmmsearch --domtblout /home/yuch3531/genome_analysis_project/4_genome_assembly/assembly_check/spades_busco/auto_lineage/run_archaea_odb12/hmmer_output/314at2157.out --cpu 1 /sw/data/local/BUSCO_Data/v5/lineages/archaea_odb12/hmms/314at2157.hmm /home/yuch3531/genome_analysis_project/4_genome_assembly/assembly_check/spades_busco/prodigal_output/predicted_genes/predicted.faa
2026-04-17 09:12:18 DEBUG:busco.busco_tools.Toolset	cmd call: hmmsearch --domtblout /home/yuch3531/genome_analysis_project/4_genome_assembly/assembly_check/spades_busco/auto_lineage/run_archaea_odb12/hmmer_output/372108at2157.out --cpu 1 /sw/data/local/BUSCO_Data/v5/lineages/archaea_odb12/hmms/372108at2157.hmm /home/yuch3531/genome_analysis_project/4_genome_assembly/assembly_check/spades_busco/prodigal_output/predicted_genes/predicted.faa
2026-04-17 09:12:18 DEBUG:busco.busco_tools.Toolset	cmd call: hmmsearch --domtblout /home/yuch3531/genome_analysis_project/4_genome_assembly/assembly_check/spades_busco/auto_lineage/run_archaea_odb12/hmmer_output/32941at2157.out --cpu 1 /sw/data/local/BUSCO_Data/v5/lineages/archaea_odb12/hmms/32941at2157.hmm /home/yuch3531/genome_analysis_project/4_genome_assembly/assembly_check/spades_busco/prodigal_output/predicted_genes/predicted.faa
2026-04-17 09:12:18 DEBUG:busco.busco_tools.Toolset	cmd call: hmmsearch --domtblout /home/yuch3531/genome_analysis_project/4_genome_assembly/assembly_check/spades_busco/auto_lineage/run_archaea_odb12/hmmer_output/372127at2157.out --cpu 1 /sw/data/local/BUSCO_Data/v5/lineages/archaea_odb12/hmms/372127at2157.hmm /home/yuch3531/genome_analysis_project/4_genome_assembly/assembly_check/spades_busco/prodigal_output/predicted_genes/predicted.faa
2026-04-17 09:12:18 DEBUG:busco.busco_tools.Toolset	cmd call: hmmsearch --domtblout /home/yuch3531/genome_analysis_project/4_genome_assembly/assembly_check/spades_busco/auto_lineage/run_archaea_odb12/hmmer_output/33049at2157.out --cpu 1 /sw/data/local/BUSCO_Data/v5/lineages/archaea_odb12/hmms/33049at2157.hmm /home/yuch3531/genome_analysis_project/4_genome_assembly/assembly_check/spades_busco/prodigal_output/predicted_genes/predicted.faa
2026-04-17 09:12:18 INFO:busco.busco_tools.Toolset	[hmmsearch]	78 of 195 task(s) completed
2026-04-17 09:12:18 DEBUG:busco.busco_tools.Toolset	cmd call: hmmsearch --domtblout /home/yuch3531/genome_analysis_project/4_genome_assembly/assembly_check/spades_busco/auto_lineage/run_archaea_odb12/hmmer_output/372134at2157.out --cpu 1 /sw/data/local/BUSCO_Data/v5/lineages/archaea_odb12/hmms/372134at2157.hmm /home/yuch3531/genome_analysis_project/4_genome_assembly/assembly_check/spades_busco/prodigal_output/predicted_genes/predicted.faa
2026-04-17 09:12:18 DEBUG:busco.busco_tools.Toolset	cmd call: hmmsearch --domtblout /home/yuch3531/genome_analysis_project/4_genome_assembly/assembly_check/spades_busco/auto_lineage/run_archaea_odb12/hmmer_output/33250at2157.out --cpu 1 /sw/data/local/BUSCO_Data/v5/lineages/archaea_odb12/hmms/33250at2157.hmm /home/yuch3531/genome_analysis_project/4_genome_assembly/assembly_check/spades_busco/prodigal_output/predicted_genes/predicted.faa
2026-04-17 09:12:18 DEBUG:busco.busco_tools.Toolset	cmd call: hmmsearch --domtblout /home/yuch3531/genome_analysis_project/4_genome_assembly/assembly_check/spades_busco/auto_lineage/run_archaea_odb12/hmmer_output/372142at2157.out --cpu 1 /sw/data/local/BUSCO_Data/v5/lineages/archaea_odb12/hmms/372142at2157.hmm /home/yuch3531/genome_analysis_project/4_genome_assembly/assembly_check/spades_busco/prodigal_output/predicted_genes/predicted.faa
2026-04-17 09:12:18 DEBUG:busco.busco_tools.Toolset	cmd call: hmmsearch --domtblout /home/yuch3531/genome_analysis_project/4_genome_assembly/assembly_check/spades_busco/auto_lineage/run_archaea_odb12/hmmer_output/372177at2157.out --cpu 1 /sw/data/local/BUSCO_Data/v5/lineages/archaea_odb12/hmms/372177at2157.hmm /home/yuch3531/genome_analysis_project/4_genome_assembly/assembly_check/spades_busco/prodigal_output/predicted_genes/predicted.faa
2026-04-17 09:12:18 DEBUG:busco.busco_tools.Toolset	cmd call: hmmsearch --domtblout /home/yuch3531/genome_analysis_project/4_genome_assembly/assembly_check/spades_busco/auto_lineage/run_archaea_odb12/hmmer_output/33582at2157.out --cpu 1 /sw/data/local/BUSCO_Data/v5/lineages/archaea_odb12/hmms/33582at2157.hmm /home/yuch3531/genome_analysis_project/4_genome_assembly/assembly_check/spades_busco/prodigal_output/predicted_genes/predicted.faa
2026-04-17 09:12:18 DEBUG:busco.busco_tools.Toolset	cmd call: hmmsearch --domtblout /home/yuch3531/genome_analysis_project/4_genome_assembly/assembly_check/spades_busco/auto_lineage/run_archaea_odb12/hmmer_output/372178at2157.out --cpu 1 /sw/data/local/BUSCO_Data/v5/lineages/archaea_odb12/hmms/372178at2157.hmm /home/yuch3531/genome_analysis_project/4_genome_assembly/assembly_check/spades_busco/prodigal_output/predicted_genes/predicted.faa
2026-04-17 09:12:18 DEBUG:busco.busco_tools.Toolset	cmd call: hmmsearch --domtblout /home/yuch3531/genome_analysis_project/4_genome_assembly/assembly_check/spades_busco/auto_lineage/run_archaea_odb12/hmmer_output/33866at2157.out --cpu 1 /sw/data/local/BUSCO_Data/v5/lineages/archaea_odb12/hmms/33866at2157.hmm /home/yuch3531/genome_analysis_project/4_genome_assembly/assembly_check/spades_busco/prodigal_output/predicted_genes/predicted.faa
2026-04-17 09:12:18 DEBUG:busco.busco_tools.Toolset	cmd call: hmmsearch --domtblout /home/yuch3531/genome_analysis_project/4_genome_assembly/assembly_check/spades_busco/auto_lineage/run_archaea_odb12/hmmer_output/372188at2157.out --cpu 1 /sw/data/local/BUSCO_Data/v5/lineages/archaea_odb12/hmms/372188at2157.hmm /home/yuch3531/genome_analysis_project/4_genome_assembly/assembly_check/spades_busco/prodigal_output/predicted_genes/predicted.faa
2026-04-17 09:12:18 DEBUG:busco.busco_tools.Toolset	cmd call: hmmsearch --domtblout /home/yuch3531/genome_analysis_project/4_genome_assembly/assembly_check/spades_busco/auto_lineage/run_archaea_odb12/hmmer_output/34207at2157.out --cpu 1 /sw/data/local/BUSCO_Data/v5/lineages/archaea_odb12/hmms/34207at2157.hmm /home/yuch3531/genome_analysis_project/4_genome_assembly/assembly_check/spades_busco/prodigal_output/predicted_genes/predicted.faa
2026-04-17 09:12:18 DEBUG:busco.busco_tools.Toolset	cmd call: hmmsearch --domtblout /home/yuch3531/genome_analysis_project/4_genome_assembly/assembly_check/spades_busco/auto_lineage/run_archaea_odb12/hmmer_output/372247at2157.out --cpu 1 /sw/data/local/BUSCO_Data/v5/lineages/archaea_odb12/hmms/372247at2157.hmm /home/yuch3531/genome_analysis_project/4_genome_assembly/assembly_check/spades_busco/prodigal_output/predicted_genes/predicted.faa
2026-04-17 09:12:18 DEBUG:busco.busco_tools.Toolset	cmd call: hmmsearch --domtblout /home/yuch3531/genome_analysis_project/4_genome_assembly/assembly_check/spades_busco/auto_lineage/run_archaea_odb12/hmmer_output/35104at2157.out --cpu 1 /sw/data/local/BUSCO_Data/v5/lineages/archaea_odb12/hmms/35104at2157.hmm /home/yuch3531/genome_analysis_project/4_genome_assembly/assembly_check/spades_busco/prodigal_output/predicted_genes/predicted.faa
2026-04-17 09:12:18 DEBUG:busco.busco_tools.Toolset	cmd call: hmmsearch --domtblout /home/yuch3531/genome_analysis_project/4_genome_assembly/assembly_check/spades_busco/auto_lineage/run_archaea_odb12/hmmer_output/35866at2157.out --cpu 1 /sw/data/local/BUSCO_Data/v5/lineages/archaea_odb12/hmms/35866at2157.hmm /home/yuch3531/genome_analysis_project/4_genome_assembly/assembly_check/spades_busco/prodigal_output/predicted_genes/predicted.faa
2026-04-17 09:12:18 DEBUG:busco.busco_tools.Toolset	cmd call: hmmsearch --domtblout /home/yuch3531/genome_analysis_project/4_genome_assembly/assembly_check/spades_busco/auto_lineage/run_archaea_odb12/hmmer_output/372251at2157.out --cpu 1 /sw/data/local/BUSCO_Data/v5/lineages/archaea_odb12/hmms/372251at2157.hmm /home/yuch3531/genome_analysis_project/4_genome_assembly/assembly_check/spades_busco/prodigal_output/predicted_genes/predicted.faa
2026-04-17 09:12:18 DEBUG:busco.busco_tools.Toolset	cmd call: hmmsearch --domtblout /home/yuch3531/genome_analysis_project/4_genome_assembly/assembly_check/spades_busco/auto_lineage/run_archaea_odb12/hmmer_output/35908at2157.out --cpu 1 /sw/data/local/BUSCO_Data/v5/lineages/archaea_odb12/hmms/35908at2157.hmm /home/yuch3531/genome_analysis_project/4_genome_assembly/assembly_check/spades_busco/prodigal_output/predicted_genes/predicted.faa
2026-04-17 09:12:19 DEBUG:busco.busco_tools.Toolset	cmd call: hmmsearch --domtblout /home/yuch3531/genome_analysis_project/4_genome_assembly/assembly_check/spades_busco/auto_lineage/run_archaea_odb12/hmmer_output/372305at2157.out --cpu 1 /sw/data/local/BUSCO_Data/v5/lineages/archaea_odb12/hmms/372305at2157.hmm /home/yuch3531/genome_analysis_project/4_genome_assembly/assembly_check/spades_busco/prodigal_output/predicted_genes/predicted.faa
2026-04-17 09:12:19 DEBUG:busco.busco_tools.Toolset	cmd call: hmmsearch --domtblout /home/yuch3531/genome_analysis_project/4_genome_assembly/assembly_check/spades_busco/auto_lineage/run_archaea_odb12/hmmer_output/36608at2157.out --cpu 1 /sw/data/local/BUSCO_Data/v5/lineages/archaea_odb12/hmms/36608at2157.hmm /home/yuch3531/genome_analysis_project/4_genome_assembly/assembly_check/spades_busco/prodigal_output/predicted_genes/predicted.faa
2026-04-17 09:12:19 DEBUG:busco.busco_tools.Toolset	cmd call: hmmsearch --domtblout /home/yuch3531/genome_analysis_project/4_genome_assembly/assembly_check/spades_busco/auto_lineage/run_archaea_odb12/hmmer_output/38155at2157.out --cpu 1 /sw/data/local/BUSCO_Data/v5/lineages/archaea_odb12/hmms/38155at2157.hmm /home/yuch3531/genome_analysis_project/4_genome_assembly/assembly_check/spades_busco/prodigal_output/predicted_genes/predicted.faa
2026-04-17 09:12:19 DEBUG:busco.busco_tools.Toolset	cmd call: hmmsearch --domtblout /home/yuch3531/genome_analysis_project/4_genome_assembly/assembly_check/spades_busco/auto_lineage/run_archaea_odb12/hmmer_output/371736at2157.out --cpu 1 /sw/data/local/BUSCO_Data/v5/lineages/archaea_odb12/hmms/371736at2157.hmm /home/yuch3531/genome_analysis_project/4_genome_assembly/assembly_check/spades_busco/prodigal_output/predicted_genes/predicted.faa
2026-04-17 09:12:19 DEBUG:busco.busco_tools.Toolset	cmd call: hmmsearch --domtblout /home/yuch3531/genome_analysis_project/4_genome_assembly/assembly_check/spades_busco/auto_lineage/run_archaea_odb12/hmmer_output/38238at2157.out --cpu 1 /sw/data/local/BUSCO_Data/v5/lineages/archaea_odb12/hmms/38238at2157.hmm /home/yuch3531/genome_analysis_project/4_genome_assembly/assembly_check/spades_busco/prodigal_output/predicted_genes/predicted.faa
2026-04-17 09:12:19 DEBUG:busco.busco_tools.Toolset	cmd call: hmmsearch --domtblout /home/yuch3531/genome_analysis_project/4_genome_assembly/assembly_check/spades_busco/auto_lineage/run_archaea_odb12/hmmer_output/371754at2157.out --cpu 1 /sw/data/local/BUSCO_Data/v5/lineages/archaea_odb12/hmms/371754at2157.hmm /home/yuch3531/genome_analysis_project/4_genome_assembly/assembly_check/spades_busco/prodigal_output/predicted_genes/predicted.faa
2026-04-17 09:12:19 INFO:busco.busco_tools.Toolset	[hmmsearch]	98 of 195 task(s) completed
2026-04-17 09:12:19 DEBUG:busco.busco_tools.Toolset	cmd call: hmmsearch --domtblout /home/yuch3531/genome_analysis_project/4_genome_assembly/assembly_check/spades_busco/auto_lineage/run_archaea_odb12/hmmer_output/371797at2157.out --cpu 1 /sw/data/local/BUSCO_Data/v5/lineages/archaea_odb12/hmms/371797at2157.hmm /home/yuch3531/genome_analysis_project/4_genome_assembly/assembly_check/spades_busco/prodigal_output/predicted_genes/predicted.faa
2026-04-17 09:12:19 DEBUG:busco.busco_tools.Toolset	cmd call: hmmsearch --domtblout /home/yuch3531/genome_analysis_project/4_genome_assembly/assembly_check/spades_busco/auto_lineage/run_archaea_odb12/hmmer_output/39019at2157.out --cpu 1 /sw/data/local/BUSCO_Data/v5/lineages/archaea_odb12/hmms/39019at2157.hmm /home/yuch3531/genome_analysis_project/4_genome_assembly/assembly_check/spades_busco/prodigal_output/predicted_genes/predicted.faa
2026-04-17 09:12:19 DEBUG:busco.busco_tools.Toolset	cmd call: hmmsearch --domtblout /home/yuch3531/genome_analysis_project/4_genome_assembly/assembly_check/spades_busco/auto_lineage/run_archaea_odb12/hmmer_output/39139at2157.out --cpu 1 /sw/data/local/BUSCO_Data/v5/lineages/archaea_odb12/hmms/39139at2157.hmm /home/yuch3531/genome_analysis_project/4_genome_assembly/assembly_check/spades_busco/prodigal_output/predicted_genes/predicted.faa
2026-04-17 09:12:19 DEBUG:busco.busco_tools.Toolset	cmd call: hmmsearch --domtblout /home/yuch3531/genome_analysis_project/4_genome_assembly/assembly_check/spades_busco/auto_lineage/run_archaea_odb12/hmmer_output/5670at2157.out --cpu 1 /sw/data/local/BUSCO_Data/v5/lineages/archaea_odb12/hmms/5670at2157.hmm /home/yuch3531/genome_analysis_project/4_genome_assembly/assembly_check/spades_busco/prodigal_output/predicted_genes/predicted.faa
2026-04-17 09:12:19 DEBUG:busco.busco_tools.Toolset	cmd call: hmmsearch --domtblout /home/yuch3531/genome_analysis_project/4_genome_assembly/assembly_check/spades_busco/auto_lineage/run_archaea_odb12/hmmer_output/39189at2157.out --cpu 1 /sw/data/local/BUSCO_Data/v5/lineages/archaea_odb12/hmms/39189at2157.hmm /home/yuch3531/genome_analysis_project/4_genome_assembly/assembly_check/spades_busco/prodigal_output/predicted_genes/predicted.faa
2026-04-17 09:12:19 DEBUG:busco.busco_tools.Toolset	cmd call: hmmsearch --domtblout /home/yuch3531/genome_analysis_project/4_genome_assembly/assembly_check/spades_busco/auto_lineage/run_archaea_odb12/hmmer_output/5718at2157.out --cpu 1 /sw/data/local/BUSCO_Data/v5/lineages/archaea_odb12/hmms/5718at2157.hmm /home/yuch3531/genome_analysis_project/4_genome_assembly/assembly_check/spades_busco/prodigal_output/predicted_genes/predicted.faa
2026-04-17 09:12:19 DEBUG:busco.busco_tools.Toolset	cmd call: hmmsearch --domtblout /home/yuch3531/genome_analysis_project/4_genome_assembly/assembly_check/spades_busco/auto_lineage/run_archaea_odb12/hmmer_output/5866at2157.out --cpu 1 /sw/data/local/BUSCO_Data/v5/lineages/archaea_odb12/hmms/5866at2157.hmm /home/yuch3531/genome_analysis_project/4_genome_assembly/assembly_check/spades_busco/prodigal_output/predicted_genes/predicted.faa
2026-04-17 09:12:19 DEBUG:busco.busco_tools.Toolset	cmd call: hmmsearch --domtblout /home/yuch3531/genome_analysis_project/4_genome_assembly/assembly_check/spades_busco/auto_lineage/run_archaea_odb12/hmmer_output/39992at2157.out --cpu 1 /sw/data/local/BUSCO_Data/v5/lineages/archaea_odb12/hmms/39992at2157.hmm /home/yuch3531/genome_analysis_project/4_genome_assembly/assembly_check/spades_busco/prodigal_output/predicted_genes/predicted.faa
2026-04-17 09:12:19 DEBUG:busco.busco_tools.Toolset	cmd call: hmmsearch --domtblout /home/yuch3531/genome_analysis_project/4_genome_assembly/assembly_check/spades_busco/auto_lineage/run_archaea_odb12/hmmer_output/5877at2157.out --cpu 1 /sw/data/local/BUSCO_Data/v5/lineages/archaea_odb12/hmms/5877at2157.hmm /home/yuch3531/genome_analysis_project/4_genome_assembly/assembly_check/spades_busco/prodigal_output/predicted_genes/predicted.faa
2026-04-17 09:12:19 DEBUG:busco.busco_tools.Toolset	cmd call: hmmsearch --domtblout /home/yuch3531/genome_analysis_project/4_genome_assembly/assembly_check/spades_busco/auto_lineage/run_archaea_odb12/hmmer_output/4116at2157.out --cpu 1 /sw/data/local/BUSCO_Data/v5/lineages/archaea_odb12/hmms/4116at2157.hmm /home/yuch3531/genome_analysis_project/4_genome_assembly/assembly_check/spades_busco/prodigal_output/predicted_genes/predicted.faa
2026-04-17 09:12:19 DEBUG:busco.busco_tools.Toolset	cmd call: hmmsearch --domtblout /home/yuch3531/genome_analysis_project/4_genome_assembly/assembly_check/spades_busco/auto_lineage/run_archaea_odb12/hmmer_output/5935at2157.out --cpu 1 /sw/data/local/BUSCO_Data/v5/lineages/archaea_odb12/hmms/5935at2157.hmm /home/yuch3531/genome_analysis_project/4_genome_assembly/assembly_check/spades_busco/prodigal_output/predicted_genes/predicted.faa
2026-04-17 09:12:19 DEBUG:busco.busco_tools.Toolset	cmd call: hmmsearch --domtblout /home/yuch3531/genome_analysis_project/4_genome_assembly/assembly_check/spades_busco/auto_lineage/run_archaea_odb12/hmmer_output/43788at2157.out --cpu 1 /sw/data/local/BUSCO_Data/v5/lineages/archaea_odb12/hmms/43788at2157.hmm /home/yuch3531/genome_analysis_project/4_genome_assembly/assembly_check/spades_busco/prodigal_output/predicted_genes/predicted.faa
2026-04-17 09:12:19 DEBUG:busco.busco_tools.Toolset	cmd call: hmmsearch --domtblout /home/yuch3531/genome_analysis_project/4_genome_assembly/assembly_check/spades_busco/auto_lineage/run_archaea_odb12/hmmer_output/5987at2157.out --cpu 1 /sw/data/local/BUSCO_Data/v5/lineages/archaea_odb12/hmms/5987at2157.hmm /home/yuch3531/genome_analysis_project/4_genome_assembly/assembly_check/spades_busco/prodigal_output/predicted_genes/predicted.faa
2026-04-17 09:12:20 DEBUG:busco.busco_tools.Toolset	cmd call: hmmsearch --domtblout /home/yuch3531/genome_analysis_project/4_genome_assembly/assembly_check/spades_busco/auto_lineage/run_archaea_odb12/hmmer_output/44091at2157.out --cpu 1 /sw/data/local/BUSCO_Data/v5/lineages/archaea_odb12/hmms/44091at2157.hmm /home/yuch3531/genome_analysis_project/4_genome_assembly/assembly_check/spades_busco/prodigal_output/predicted_genes/predicted.faa
2026-04-17 09:12:20 DEBUG:busco.busco_tools.Toolset	cmd call: hmmsearch --domtblout /home/yuch3531/genome_analysis_project/4_genome_assembly/assembly_check/spades_busco/auto_lineage/run_archaea_odb12/hmmer_output/60264at2157.out --cpu 1 /sw/data/local/BUSCO_Data/v5/lineages/archaea_odb12/hmms/60264at2157.hmm /home/yuch3531/genome_analysis_project/4_genome_assembly/assembly_check/spades_busco/prodigal_output/predicted_genes/predicted.faa
2026-04-17 09:12:20 DEBUG:busco.busco_tools.Toolset	cmd call: hmmsearch --domtblout /home/yuch3531/genome_analysis_project/4_genome_assembly/assembly_check/spades_busco/auto_lineage/run_archaea_odb12/hmmer_output/6075at2157.out --cpu 1 /sw/data/local/BUSCO_Data/v5/lineages/archaea_odb12/hmms/6075at2157.hmm /home/yuch3531/genome_analysis_project/4_genome_assembly/assembly_check/spades_busco/prodigal_output/predicted_genes/predicted.faa
2026-04-17 09:12:20 DEBUG:busco.busco_tools.Toolset	cmd call: hmmsearch --domtblout /home/yuch3531/genome_analysis_project/4_genome_assembly/assembly_check/spades_busco/auto_lineage/run_archaea_odb12/hmmer_output/6113at2157.out --cpu 1 /sw/data/local/BUSCO_Data/v5/lineages/archaea_odb12/hmms/6113at2157.hmm /home/yuch3531/genome_analysis_project/4_genome_assembly/assembly_check/spades_busco/prodigal_output/predicted_genes/predicted.faa
2026-04-17 09:12:20 DEBUG:busco.busco_tools.Toolset	cmd call: hmmsearch --domtblout /home/yuch3531/genome_analysis_project/4_genome_assembly/assembly_check/spades_busco/auto_lineage/run_archaea_odb12/hmmer_output/45138at2157.out --cpu 1 /sw/data/local/BUSCO_Data/v5/lineages/archaea_odb12/hmms/45138at2157.hmm /home/yuch3531/genome_analysis_project/4_genome_assembly/assembly_check/spades_busco/prodigal_output/predicted_genes/predicted.faa
2026-04-17 09:12:20 DEBUG:busco.busco_tools.Toolset	cmd call: hmmsearch --domtblout /home/yuch3531/genome_analysis_project/4_genome_assembly/assembly_check/spades_busco/auto_lineage/run_archaea_odb12/hmmer_output/6121at2157.out --cpu 1 /sw/data/local/BUSCO_Data/v5/lineages/archaea_odb12/hmms/6121at2157.hmm /home/yuch3531/genome_analysis_project/4_genome_assembly/assembly_check/spades_busco/prodigal_output/predicted_genes/predicted.faa
2026-04-17 09:12:20 INFO:busco.busco_tools.Toolset	[hmmsearch]	117 of 195 task(s) completed
2026-04-17 09:12:20 DEBUG:busco.busco_tools.Toolset	cmd call: hmmsearch --domtblout /home/yuch3531/genome_analysis_project/4_genome_assembly/assembly_check/spades_busco/auto_lineage/run_archaea_odb12/hmmer_output/6244at2157.out --cpu 1 /sw/data/local/BUSCO_Data/v5/lineages/archaea_odb12/hmms/6244at2157.hmm /home/yuch3531/genome_analysis_project/4_genome_assembly/assembly_check/spades_busco/prodigal_output/predicted_genes/predicted.faa
2026-04-17 09:12:20 DEBUG:busco.busco_tools.Toolset	cmd call: hmmsearch --domtblout /home/yuch3531/genome_analysis_project/4_genome_assembly/assembly_check/spades_busco/auto_lineage/run_archaea_odb12/hmmer_output/45154at2157.out --cpu 1 /sw/data/local/BUSCO_Data/v5/lineages/archaea_odb12/hmms/45154at2157.hmm /home/yuch3531/genome_analysis_project/4_genome_assembly/assembly_check/spades_busco/prodigal_output/predicted_genes/predicted.faa
2026-04-17 09:12:20 DEBUG:busco.busco_tools.Toolset	cmd call: hmmsearch --domtblout /home/yuch3531/genome_analysis_project/4_genome_assembly/assembly_check/spades_busco/auto_lineage/run_archaea_odb12/hmmer_output/6290at2157.out --cpu 1 /sw/data/local/BUSCO_Data/v5/lineages/archaea_odb12/hmms/6290at2157.hmm /home/yuch3531/genome_analysis_project/4_genome_assembly/assembly_check/spades_busco/prodigal_output/predicted_genes/predicted.faa
2026-04-17 09:12:20 DEBUG:busco.busco_tools.Toolset	cmd call: hmmsearch --domtblout /home/yuch3531/genome_analysis_project/4_genome_assembly/assembly_check/spades_busco/auto_lineage/run_archaea_odb12/hmmer_output/45195at2157.out --cpu 1 /sw/data/local/BUSCO_Data/v5/lineages/archaea_odb12/hmms/45195at2157.hmm /home/yuch3531/genome_analysis_project/4_genome_assembly/assembly_check/spades_busco/prodigal_output/predicted_genes/predicted.faa
2026-04-17 09:12:20 DEBUG:busco.busco_tools.Toolset	cmd call: hmmsearch --domtblout /home/yuch3531/genome_analysis_project/4_genome_assembly/assembly_check/spades_busco/auto_lineage/run_archaea_odb12/hmmer_output/6295at2157.out --cpu 1 /sw/data/local/BUSCO_Data/v5/lineages/archaea_odb12/hmms/6295at2157.hmm /home/yuch3531/genome_analysis_project/4_genome_assembly/assembly_check/spades_busco/prodigal_output/predicted_genes/predicted.faa
2026-04-17 09:12:20 DEBUG:busco.busco_tools.Toolset	cmd call: hmmsearch --domtblout /home/yuch3531/genome_analysis_project/4_genome_assembly/assembly_check/spades_busco/auto_lineage/run_archaea_odb12/hmmer_output/45346at2157.out --cpu 1 /sw/data/local/BUSCO_Data/v5/lineages/archaea_odb12/hmms/45346at2157.hmm /home/yuch3531/genome_analysis_project/4_genome_assembly/assembly_check/spades_busco/prodigal_output/predicted_genes/predicted.faa
2026-04-17 09:12:20 DEBUG:busco.busco_tools.Toolset	cmd call: hmmsearch --domtblout /home/yuch3531/genome_analysis_project/4_genome_assembly/assembly_check/spades_busco/auto_lineage/run_archaea_odb12/hmmer_output/6379at2157.out --cpu 1 /sw/data/local/BUSCO_Data/v5/lineages/archaea_odb12/hmms/6379at2157.hmm /home/yuch3531/genome_analysis_project/4_genome_assembly/assembly_check/spades_busco/prodigal_output/predicted_genes/predicted.faa
2026-04-17 09:12:20 DEBUG:busco.busco_tools.Toolset	cmd call: hmmsearch --domtblout /home/yuch3531/genome_analysis_project/4_genome_assembly/assembly_check/spades_busco/auto_lineage/run_archaea_odb12/hmmer_output/45383at2157.out --cpu 1 /sw/data/local/BUSCO_Data/v5/lineages/archaea_odb12/hmms/45383at2157.hmm /home/yuch3531/genome_analysis_project/4_genome_assembly/assembly_check/spades_busco/prodigal_output/predicted_genes/predicted.faa
2026-04-17 09:12:20 DEBUG:busco.busco_tools.Toolset	cmd call: hmmsearch --domtblout /home/yuch3531/genome_analysis_project/4_genome_assembly/assembly_check/spades_busco/auto_lineage/run_archaea_odb12/hmmer_output/45909at2157.out --cpu 1 /sw/data/local/BUSCO_Data/v5/lineages/archaea_odb12/hmms/45909at2157.hmm /home/yuch3531/genome_analysis_project/4_genome_assembly/assembly_check/spades_busco/prodigal_output/predicted_genes/predicted.faa
2026-04-17 09:12:20 DEBUG:busco.busco_tools.Toolset	cmd call: hmmsearch --domtblout /home/yuch3531/genome_analysis_project/4_genome_assembly/assembly_check/spades_busco/auto_lineage/run_archaea_odb12/hmmer_output/6533at2157.out --cpu 1 /sw/data/local/BUSCO_Data/v5/lineages/archaea_odb12/hmms/6533at2157.hmm /home/yuch3531/genome_analysis_project/4_genome_assembly/assembly_check/spades_busco/prodigal_output/predicted_genes/predicted.faa
2026-04-17 09:12:20 DEBUG:busco.busco_tools.Toolset	cmd call: hmmsearch --domtblout /home/yuch3531/genome_analysis_project/4_genome_assembly/assembly_check/spades_busco/auto_lineage/run_archaea_odb12/hmmer_output/46081at2157.out --cpu 1 /sw/data/local/BUSCO_Data/v5/lineages/archaea_odb12/hmms/46081at2157.hmm /home/yuch3531/genome_analysis_project/4_genome_assembly/assembly_check/spades_busco/prodigal_output/predicted_genes/predicted.faa
2026-04-17 09:12:20 DEBUG:busco.busco_tools.Toolset	cmd call: hmmsearch --domtblout /home/yuch3531/genome_analysis_project/4_genome_assembly/assembly_check/spades_busco/auto_lineage/run_archaea_odb12/hmmer_output/65493at2157.out --cpu 1 /sw/data/local/BUSCO_Data/v5/lineages/archaea_odb12/hmms/65493at2157.hmm /home/yuch3531/genome_analysis_project/4_genome_assembly/assembly_check/spades_busco/prodigal_output/predicted_genes/predicted.faa
2026-04-17 09:12:20 DEBUG:busco.busco_tools.Toolset	cmd call: hmmsearch --domtblout /home/yuch3531/genome_analysis_project/4_genome_assembly/assembly_check/spades_busco/auto_lineage/run_archaea_odb12/hmmer_output/6575at2157.out --cpu 1 /sw/data/local/BUSCO_Data/v5/lineages/archaea_odb12/hmms/6575at2157.hmm /home/yuch3531/genome_analysis_project/4_genome_assembly/assembly_check/spades_busco/prodigal_output/predicted_genes/predicted.faa
2026-04-17 09:12:21 DEBUG:busco.busco_tools.Toolset	cmd call: hmmsearch --domtblout /home/yuch3531/genome_analysis_project/4_genome_assembly/assembly_check/spades_busco/auto_lineage/run_archaea_odb12/hmmer_output/4696at2157.out --cpu 1 /sw/data/local/BUSCO_Data/v5/lineages/archaea_odb12/hmms/4696at2157.hmm /home/yuch3531/genome_analysis_project/4_genome_assembly/assembly_check/spades_busco/prodigal_output/predicted_genes/predicted.faa
2026-04-17 09:12:21 DEBUG:busco.busco_tools.Toolset	cmd call: hmmsearch --domtblout /home/yuch3531/genome_analysis_project/4_genome_assembly/assembly_check/spades_busco/auto_lineage/run_archaea_odb12/hmmer_output/65887at2157.out --cpu 1 /sw/data/local/BUSCO_Data/v5/lineages/archaea_odb12/hmms/65887at2157.hmm /home/yuch3531/genome_analysis_project/4_genome_assembly/assembly_check/spades_busco/prodigal_output/predicted_genes/predicted.faa
2026-04-17 09:12:21 DEBUG:busco.busco_tools.Toolset	cmd call: hmmsearch --domtblout /home/yuch3531/genome_analysis_project/4_genome_assembly/assembly_check/spades_busco/auto_lineage/run_archaea_odb12/hmmer_output/52456at2157.out --cpu 1 /sw/data/local/BUSCO_Data/v5/lineages/archaea_odb12/hmms/52456at2157.hmm /home/yuch3531/genome_analysis_project/4_genome_assembly/assembly_check/spades_busco/prodigal_output/predicted_genes/predicted.faa
2026-04-17 09:12:21 DEBUG:busco.busco_tools.Toolset	cmd call: hmmsearch --domtblout /home/yuch3531/genome_analysis_project/4_genome_assembly/assembly_check/spades_busco/auto_lineage/run_archaea_odb12/hmmer_output/6605at2157.out --cpu 1 /sw/data/local/BUSCO_Data/v5/lineages/archaea_odb12/hmms/6605at2157.hmm /home/yuch3531/genome_analysis_project/4_genome_assembly/assembly_check/spades_busco/prodigal_output/predicted_genes/predicted.faa
2026-04-17 09:12:21 DEBUG:busco.busco_tools.Toolset	cmd call: hmmsearch --domtblout /home/yuch3531/genome_analysis_project/4_genome_assembly/assembly_check/spades_busco/auto_lineage/run_archaea_odb12/hmmer_output/52479at2157.out --cpu 1 /sw/data/local/BUSCO_Data/v5/lineages/archaea_odb12/hmms/52479at2157.hmm /home/yuch3531/genome_analysis_project/4_genome_assembly/assembly_check/spades_busco/prodigal_output/predicted_genes/predicted.faa
2026-04-17 09:12:21 DEBUG:busco.busco_tools.Toolset	cmd call: hmmsearch --domtblout /home/yuch3531/genome_analysis_project/4_genome_assembly/assembly_check/spades_busco/auto_lineage/run_archaea_odb12/hmmer_output/6874at2157.out --cpu 1 /sw/data/local/BUSCO_Data/v5/lineages/archaea_odb12/hmms/6874at2157.hmm /home/yuch3531/genome_analysis_project/4_genome_assembly/assembly_check/spades_busco/prodigal_output/predicted_genes/predicted.faa
2026-04-17 09:12:21 DEBUG:busco.busco_tools.Toolset	cmd call: hmmsearch --domtblout /home/yuch3531/genome_analysis_project/4_genome_assembly/assembly_check/spades_busco/auto_lineage/run_archaea_odb12/hmmer_output/7000at2157.out --cpu 1 /sw/data/local/BUSCO_Data/v5/lineages/archaea_odb12/hmms/7000at2157.hmm /home/yuch3531/genome_analysis_project/4_genome_assembly/assembly_check/spades_busco/prodigal_output/predicted_genes/predicted.faa
2026-04-17 09:12:21 INFO:busco.busco_tools.Toolset	[hmmsearch]	137 of 195 task(s) completed
2026-04-17 09:12:21 DEBUG:busco.busco_tools.Toolset	cmd call: hmmsearch --domtblout /home/yuch3531/genome_analysis_project/4_genome_assembly/assembly_check/spades_busco/auto_lineage/run_archaea_odb12/hmmer_output/52677at2157.out --cpu 1 /sw/data/local/BUSCO_Data/v5/lineages/archaea_odb12/hmms/52677at2157.hmm /home/yuch3531/genome_analysis_project/4_genome_assembly/assembly_check/spades_busco/prodigal_output/predicted_genes/predicted.faa
2026-04-17 09:12:21 DEBUG:busco.busco_tools.Toolset	cmd call: hmmsearch --domtblout /home/yuch3531/genome_analysis_project/4_genome_assembly/assembly_check/spades_busco/auto_lineage/run_archaea_odb12/hmmer_output/7144at2157.out --cpu 1 /sw/data/local/BUSCO_Data/v5/lineages/archaea_odb12/hmms/7144at2157.hmm /home/yuch3531/genome_analysis_project/4_genome_assembly/assembly_check/spades_busco/prodigal_output/predicted_genes/predicted.faa
2026-04-17 09:12:21 DEBUG:busco.busco_tools.Toolset	cmd call: hmmsearch --domtblout /home/yuch3531/genome_analysis_project/4_genome_assembly/assembly_check/spades_busco/auto_lineage/run_archaea_odb12/hmmer_output/52769at2157.out --cpu 1 /sw/data/local/BUSCO_Data/v5/lineages/archaea_odb12/hmms/52769at2157.hmm /home/yuch3531/genome_analysis_project/4_genome_assembly/assembly_check/spades_busco/prodigal_output/predicted_genes/predicted.faa
2026-04-17 09:12:21 DEBUG:busco.busco_tools.Toolset	cmd call: hmmsearch --domtblout /home/yuch3531/genome_analysis_project/4_genome_assembly/assembly_check/spades_busco/auto_lineage/run_archaea_odb12/hmmer_output/7146at2157.out --cpu 1 /sw/data/local/BUSCO_Data/v5/lineages/archaea_odb12/hmms/7146at2157.hmm /home/yuch3531/genome_analysis_project/4_genome_assembly/assembly_check/spades_busco/prodigal_output/predicted_genes/predicted.faa
2026-04-17 09:12:21 DEBUG:busco.busco_tools.Toolset	cmd call: hmmsearch --domtblout /home/yuch3531/genome_analysis_project/4_genome_assembly/assembly_check/spades_busco/auto_lineage/run_archaea_odb12/hmmer_output/52849at2157.out --cpu 1 /sw/data/local/BUSCO_Data/v5/lineages/archaea_odb12/hmms/52849at2157.hmm /home/yuch3531/genome_analysis_project/4_genome_assembly/assembly_check/spades_busco/prodigal_output/predicted_genes/predicted.faa
2026-04-17 09:12:21 DEBUG:busco.busco_tools.Toolset	cmd call: hmmsearch --domtblout /home/yuch3531/genome_analysis_project/4_genome_assembly/assembly_check/spades_busco/auto_lineage/run_archaea_odb12/hmmer_output/7259at2157.out --cpu 1 /sw/data/local/BUSCO_Data/v5/lineages/archaea_odb12/hmms/7259at2157.hmm /home/yuch3531/genome_analysis_project/4_genome_assembly/assembly_check/spades_busco/prodigal_output/predicted_genes/predicted.faa
2026-04-17 09:12:21 DEBUG:busco.busco_tools.Toolset	cmd call: hmmsearch --domtblout /home/yuch3531/genome_analysis_project/4_genome_assembly/assembly_check/spades_busco/auto_lineage/run_archaea_odb12/hmmer_output/53273at2157.out --cpu 1 /sw/data/local/BUSCO_Data/v5/lineages/archaea_odb12/hmms/53273at2157.hmm /home/yuch3531/genome_analysis_project/4_genome_assembly/assembly_check/spades_busco/prodigal_output/predicted_genes/predicted.faa
2026-04-17 09:12:21 DEBUG:busco.busco_tools.Toolset	cmd call: hmmsearch --domtblout /home/yuch3531/genome_analysis_project/4_genome_assembly/assembly_check/spades_busco/auto_lineage/run_archaea_odb12/hmmer_output/7316at2157.out --cpu 1 /sw/data/local/BUSCO_Data/v5/lineages/archaea_odb12/hmms/7316at2157.hmm /home/yuch3531/genome_analysis_project/4_genome_assembly/assembly_check/spades_busco/prodigal_output/predicted_genes/predicted.faa
2026-04-17 09:12:21 DEBUG:busco.busco_tools.Toolset	cmd call: hmmsearch --domtblout /home/yuch3531/genome_analysis_project/4_genome_assembly/assembly_check/spades_busco/auto_lineage/run_archaea_odb12/hmmer_output/55506at2157.out --cpu 1 /sw/data/local/BUSCO_Data/v5/lineages/archaea_odb12/hmms/55506at2157.hmm /home/yuch3531/genome_analysis_project/4_genome_assembly/assembly_check/spades_busco/prodigal_output/predicted_genes/predicted.faa
2026-04-17 09:12:21 DEBUG:busco.busco_tools.Toolset	cmd call: hmmsearch --domtblout /home/yuch3531/genome_analysis_project/4_genome_assembly/assembly_check/spades_busco/auto_lineage/run_archaea_odb12/hmmer_output/5615at2157.out --cpu 1 /sw/data/local/BUSCO_Data/v5/lineages/archaea_odb12/hmms/5615at2157.hmm /home/yuch3531/genome_analysis_project/4_genome_assembly/assembly_check/spades_busco/prodigal_output/predicted_genes/predicted.faa
2026-04-17 09:12:21 DEBUG:busco.busco_tools.Toolset	cmd call: hmmsearch --domtblout /home/yuch3531/genome_analysis_project/4_genome_assembly/assembly_check/spades_busco/auto_lineage/run_archaea_odb12/hmmer_output/5619at2157.out --cpu 1 /sw/data/local/BUSCO_Data/v5/lineages/archaea_odb12/hmms/5619at2157.hmm /home/yuch3531/genome_analysis_project/4_genome_assembly/assembly_check/spades_busco/prodigal_output/predicted_genes/predicted.faa
2026-04-17 09:12:21 DEBUG:busco.busco_tools.Toolset	cmd call: hmmsearch --domtblout /home/yuch3531/genome_analysis_project/4_genome_assembly/assembly_check/spades_busco/auto_lineage/run_archaea_odb12/hmmer_output/7375at2157.out --cpu 1 /sw/data/local/BUSCO_Data/v5/lineages/archaea_odb12/hmms/7375at2157.hmm /home/yuch3531/genome_analysis_project/4_genome_assembly/assembly_check/spades_busco/prodigal_output/predicted_genes/predicted.faa
2026-04-17 09:12:21 DEBUG:busco.busco_tools.Toolset	cmd call: hmmsearch --domtblout /home/yuch3531/genome_analysis_project/4_genome_assembly/assembly_check/spades_busco/auto_lineage/run_archaea_odb12/hmmer_output/56356at2157.out --cpu 1 /sw/data/local/BUSCO_Data/v5/lineages/archaea_odb12/hmms/56356at2157.hmm /home/yuch3531/genome_analysis_project/4_genome_assembly/assembly_check/spades_busco/prodigal_output/predicted_genes/predicted.faa
2026-04-17 09:12:22 DEBUG:busco.busco_tools.Toolset	cmd call: hmmsearch --domtblout /home/yuch3531/genome_analysis_project/4_genome_assembly/assembly_check/spades_busco/auto_lineage/run_archaea_odb12/hmmer_output/7378at2157.out --cpu 1 /sw/data/local/BUSCO_Data/v5/lineages/archaea_odb12/hmms/7378at2157.hmm /home/yuch3531/genome_analysis_project/4_genome_assembly/assembly_check/spades_busco/prodigal_output/predicted_genes/predicted.faa
2026-04-17 09:12:22 DEBUG:busco.busco_tools.Toolset	cmd call: hmmsearch --domtblout /home/yuch3531/genome_analysis_project/4_genome_assembly/assembly_check/spades_busco/auto_lineage/run_archaea_odb12/hmmer_output/7506at2157.out --cpu 1 /sw/data/local/BUSCO_Data/v5/lineages/archaea_odb12/hmms/7506at2157.hmm /home/yuch3531/genome_analysis_project/4_genome_assembly/assembly_check/spades_busco/prodigal_output/predicted_genes/predicted.faa
2026-04-17 09:12:22 DEBUG:busco.busco_tools.Toolset	cmd call: hmmsearch --domtblout /home/yuch3531/genome_analysis_project/4_genome_assembly/assembly_check/spades_busco/auto_lineage/run_archaea_odb12/hmmer_output/85892at2157.out --cpu 1 /sw/data/local/BUSCO_Data/v5/lineages/archaea_odb12/hmms/85892at2157.hmm /home/yuch3531/genome_analysis_project/4_genome_assembly/assembly_check/spades_busco/prodigal_output/predicted_genes/predicted.faa
2026-04-17 09:12:22 DEBUG:busco.busco_tools.Toolset	cmd call: hmmsearch --domtblout /home/yuch3531/genome_analysis_project/4_genome_assembly/assembly_check/spades_busco/auto_lineage/run_archaea_odb12/hmmer_output/7529at2157.out --cpu 1 /sw/data/local/BUSCO_Data/v5/lineages/archaea_odb12/hmms/7529at2157.hmm /home/yuch3531/genome_analysis_project/4_genome_assembly/assembly_check/spades_busco/prodigal_output/predicted_genes/predicted.faa
2026-04-17 09:12:22 DEBUG:busco.busco_tools.Toolset	cmd call: hmmsearch --domtblout /home/yuch3531/genome_analysis_project/4_genome_assembly/assembly_check/spades_busco/auto_lineage/run_archaea_odb12/hmmer_output/8643at2157.out --cpu 1 /sw/data/local/BUSCO_Data/v5/lineages/archaea_odb12/hmms/8643at2157.hmm /home/yuch3531/genome_analysis_project/4_genome_assembly/assembly_check/spades_busco/prodigal_output/predicted_genes/predicted.faa
2026-04-17 09:12:22 DEBUG:busco.busco_tools.Toolset	cmd call: hmmsearch --domtblout /home/yuch3531/genome_analysis_project/4_genome_assembly/assembly_check/spades_busco/auto_lineage/run_archaea_odb12/hmmer_output/7620at2157.out --cpu 1 /sw/data/local/BUSCO_Data/v5/lineages/archaea_odb12/hmms/7620at2157.hmm /home/yuch3531/genome_analysis_project/4_genome_assembly/assembly_check/spades_busco/prodigal_output/predicted_genes/predicted.faa
2026-04-17 09:12:22 INFO:busco.busco_tools.Toolset	[hmmsearch]	156 of 195 task(s) completed
2026-04-17 09:12:22 DEBUG:busco.busco_tools.Toolset	cmd call: hmmsearch --domtblout /home/yuch3531/genome_analysis_project/4_genome_assembly/assembly_check/spades_busco/auto_lineage/run_archaea_odb12/hmmer_output/8644at2157.out --cpu 1 /sw/data/local/BUSCO_Data/v5/lineages/archaea_odb12/hmms/8644at2157.hmm /home/yuch3531/genome_analysis_project/4_genome_assembly/assembly_check/spades_busco/prodigal_output/predicted_genes/predicted.faa
